<?xml version="1.0" encoding="UTF-8"?>
<testsuite name="com.tiangaop.service.ProviderApplicationTestCase" tests="2" skipped="0" failures="0" errors="0" timestamp="2017-08-23T15:03:03" hostname="Jesse-2.local" time="0.238">
  <properties/>
  <testcase name="shouldReturn200WhenSendingRequestToRoot" classname="com.tiangaop.service.ProviderApplicationTestCase" time="0.23"/>
  <testcase name="shouldReturn200WhenSendingRequestToGreeting" classname="com.tiangaop.service.ProviderApplicationTestCase" time="0.007"/>
  <system-out><![CDATA[23:03:00.309 [Test worker] DEBUG org.springframework.test.context.junit4.SpringJUnit4ClassRunner - SpringJUnit4ClassRunner constructor called with [class com.tiangaop.service.ProviderApplicationTestCase]
23:03:00.314 [Test worker] DEBUG org.springframework.test.context.BootstrapUtils - Instantiating CacheAwareContextLoaderDelegate from class [org.springframework.test.context.cache.DefaultCacheAwareContextLoaderDelegate]
23:03:00.323 [Test worker] DEBUG org.springframework.test.context.BootstrapUtils - Instantiating BootstrapContext using constructor [public org.springframework.test.context.support.DefaultBootstrapContext(java.lang.Class,org.springframework.test.context.CacheAwareContextLoaderDelegate)]
23:03:00.339 [Test worker] DEBUG org.springframework.test.context.BootstrapUtils - Instantiating TestContextBootstrapper for test class [com.tiangaop.service.ProviderApplicationTestCase] from class [org.springframework.boot.test.context.SpringBootTestContextBootstrapper]
23:03:00.355 [Test worker] INFO org.springframework.boot.test.context.SpringBootTestContextBootstrapper - Neither @ContextConfiguration nor @ContextHierarchy found for test class [com.tiangaop.service.ProviderApplicationTestCase], using SpringBootContextLoader
23:03:00.359 [Test worker] DEBUG org.springframework.test.context.support.AbstractContextLoader - Did not detect default resource location for test class [com.tiangaop.service.ProviderApplicationTestCase]: class path resource [com/tiangaop/service/ProviderApplicationTestCase-context.xml] does not exist
23:03:00.359 [Test worker] DEBUG org.springframework.test.context.support.AbstractContextLoader - Did not detect default resource location for test class [com.tiangaop.service.ProviderApplicationTestCase]: class path resource [com/tiangaop/service/ProviderApplicationTestCaseContext.groovy] does not exist
23:03:00.360 [Test worker] INFO org.springframework.test.context.support.AbstractContextLoader - Could not detect default resource locations for test class [com.tiangaop.service.ProviderApplicationTestCase]: no resource found for suffixes {-context.xml, Context.groovy}.
23:03:00.396 [Test worker] DEBUG org.springframework.test.context.support.ActiveProfilesUtils - Could not find an 'annotation declaring class' for annotation type [org.springframework.test.context.ActiveProfiles] and class [com.tiangaop.service.ProviderApplicationTestCase]
23:03:00.425 [Test worker] DEBUG org.springframework.boot.test.context.SpringBootTestContextBootstrapper - @TestExecutionListeners is not present for class [com.tiangaop.service.ProviderApplicationTestCase]: using defaults.
23:03:00.429 [Test worker] INFO org.springframework.boot.test.context.SpringBootTestContextBootstrapper - Loaded default TestExecutionListener class names from location [META-INF/spring.factories]: [org.springframework.boot.test.mock.mockito.MockitoTestExecutionListener, org.springframework.boot.test.mock.mockito.ResetMocksTestExecutionListener, org.springframework.boot.test.autoconfigure.restdocs.RestDocsTestExecutionListener, org.springframework.boot.test.autoconfigure.web.client.MockRestServiceServerResetTestExecutionListener, org.springframework.boot.test.autoconfigure.web.servlet.MockMvcPrintOnlyOnFailureTestExecutionListener, org.springframework.boot.test.autoconfigure.web.servlet.WebDriverTestExecutionListener, org.springframework.test.context.web.ServletTestExecutionListener, org.springframework.test.context.support.DirtiesContextBeforeModesTestExecutionListener, org.springframework.test.context.support.DependencyInjectionTestExecutionListener, org.springframework.test.context.support.DirtiesContextTestExecutionListener, org.springframework.test.context.transaction.TransactionalTestExecutionListener, org.springframework.test.context.jdbc.SqlScriptsTestExecutionListener]
23:03:00.437 [Test worker] INFO org.springframework.boot.test.context.SpringBootTestContextBootstrapper - Could not instantiate TestExecutionListener [org.springframework.test.context.jdbc.SqlScriptsTestExecutionListener]. Specify custom listener classes or make the default listener classes (and their required dependencies) available. Offending class: [org/springframework/transaction/interceptor/TransactionAttribute]
23:03:00.440 [Test worker] INFO org.springframework.boot.test.context.SpringBootTestContextBootstrapper - Could not instantiate TestExecutionListener [org.springframework.test.context.transaction.TransactionalTestExecutionListener]. Specify custom listener classes or make the default listener classes (and their required dependencies) available. Offending class: [org/springframework/transaction/interceptor/TransactionAttributeSource]
23:03:00.442 [Test worker] INFO org.springframework.boot.test.context.SpringBootTestContextBootstrapper - Using TestExecutionListeners: [org.springframework.test.context.web.ServletTestExecutionListener@9ba8183, org.springframework.test.context.support.DirtiesContextBeforeModesTestExecutionListener@1fc40f5e, org.springframework.boot.test.autoconfigure.SpringBootDependencyInjectionTestExecutionListener@1cf8c28e, org.springframework.test.context.support.DirtiesContextTestExecutionListener@55c5a548, org.springframework.boot.test.autoconfigure.restdocs.RestDocsTestExecutionListener@8ae80ea, org.springframework.boot.test.autoconfigure.web.servlet.WebDriverTestExecutionListener@37afd05e, org.springframework.boot.test.mock.mockito.MockitoTestExecutionListener@6d198897, org.springframework.boot.test.mock.mockito.ResetMocksTestExecutionListener@158e8f99, org.springframework.boot.test.autoconfigure.web.client.MockRestServiceServerResetTestExecutionListener@69dbf412, org.springframework.boot.test.autoconfigure.web.servlet.MockMvcPrintOnlyOnFailureTestExecutionListener@20bfe457]
23:03:00.446 [Test worker] DEBUG org.springframework.test.annotation.ProfileValueUtils - Retrieved @ProfileValueSourceConfiguration [null] for test class [com.tiangaop.service.ProviderApplicationTestCase]
23:03:00.446 [Test worker] DEBUG org.springframework.test.annotation.ProfileValueUtils - Retrieved ProfileValueSource type [class org.springframework.test.annotation.SystemProfileValueSource] for class [com.tiangaop.service.ProviderApplicationTestCase]
23:03:00.446 [Test worker] DEBUG org.springframework.test.annotation.ProfileValueUtils - Retrieved @ProfileValueSourceConfiguration [null] for test class [com.tiangaop.service.ProviderApplicationTestCase]
23:03:00.447 [Test worker] DEBUG org.springframework.test.annotation.ProfileValueUtils - Retrieved ProfileValueSource type [class org.springframework.test.annotation.SystemProfileValueSource] for class [com.tiangaop.service.ProviderApplicationTestCase]
23:03:00.452 [Test worker] DEBUG org.springframework.test.context.support.AbstractDirtiesContextTestExecutionListener - Before test class: context [DefaultTestContext@454b495b testClass = ProviderApplicationTestCase, testInstance = [null], testMethod = [null], testException = [null], mergedContextConfiguration = [WebMergedContextConfiguration@37f3b4fe testClass = ProviderApplicationTestCase, locations = '{}', classes = '{class com.tiangaop.service.Application, class com.tiangaop.service.Application}', contextInitializerClasses = '[]', activeProfiles = '{}', propertySourceLocations = '{}', propertySourceProperties = '{org.springframework.boot.test.context.SpringBootTestContextBootstrapper=true, server.port=0}', contextCustomizers = set[org.springframework.boot.test.context.SpringBootTestContextCustomizer@37e96df4, org.springframework.boot.test.context.filter.ExcludeFilterContextCustomizer@74baeb0, org.springframework.boot.test.mock.mockito.MockitoContextCustomizer@0, org.springframework.boot.test.autoconfigure.properties.PropertyMappingContextCustomizer@0, org.springframework.boot.test.autoconfigure.web.servlet.WebDriverContextCustomizerFactory$Customizer@44bec62c], resourceBasePath = 'src/main/webapp', contextLoader = 'org.springframework.boot.test.context.SpringBootContextLoader', parent = [null]]], class annotated with @DirtiesContext [false] with mode [null].
23:03:00.453 [Test worker] DEBUG org.springframework.test.annotation.ProfileValueUtils - Retrieved @ProfileValueSourceConfiguration [null] for test class [com.tiangaop.service.ProviderApplicationTestCase]
23:03:00.453 [Test worker] DEBUG org.springframework.test.annotation.ProfileValueUtils - Retrieved ProfileValueSource type [class org.springframework.test.annotation.SystemProfileValueSource] for class [com.tiangaop.service.ProviderApplicationTestCase]
23:03:00.454 [Test worker] DEBUG org.springframework.test.context.support.DependencyInjectionTestExecutionListener - Performing dependency injection for test context [[DefaultTestContext@454b495b testClass = ProviderApplicationTestCase, testInstance = com.tiangaop.service.ProviderApplicationTestCase@1de01e68, testMethod = [null], testException = [null], mergedContextConfiguration = [WebMergedContextConfiguration@37f3b4fe testClass = ProviderApplicationTestCase, locations = '{}', classes = '{class com.tiangaop.service.Application, class com.tiangaop.service.Application}', contextInitializerClasses = '[]', activeProfiles = '{}', propertySourceLocations = '{}', propertySourceProperties = '{org.springframework.boot.test.context.SpringBootTestContextBootstrapper=true, server.port=0}', contextCustomizers = set[org.springframework.boot.test.context.SpringBootTestContextCustomizer@37e96df4, org.springframework.boot.test.context.filter.ExcludeFilterContextCustomizer@74baeb0, org.springframework.boot.test.mock.mockito.MockitoContextCustomizer@0, org.springframework.boot.test.autoconfigure.properties.PropertyMappingContextCustomizer@0, org.springframework.boot.test.autoconfigure.web.servlet.WebDriverContextCustomizerFactory$Customizer@44bec62c], resourceBasePath = 'src/main/webapp', contextLoader = 'org.springframework.boot.test.context.SpringBootContextLoader', parent = [null]]]].
23:03:00.507 [Test worker] DEBUG org.springframework.core.env.StandardEnvironment - Adding [systemProperties] PropertySource with lowest search precedence
23:03:00.508 [Test worker] DEBUG org.springframework.core.env.StandardEnvironment - Adding [systemEnvironment] PropertySource with lowest search precedence
23:03:00.508 [Test worker] DEBUG org.springframework.core.env.StandardEnvironment - Initialized StandardEnvironment with PropertySources [systemProperties,systemEnvironment]
23:03:00.509 [Test worker] DEBUG org.springframework.test.context.support.TestPropertySourceUtils - Adding inlined properties to environment: {spring.jmx.enabled=false, org.springframework.boot.test.context.SpringBootTestContextBootstrapper=true, server.port=0}
23:03:00.509 [Test worker] DEBUG org.springframework.core.env.StandardEnvironment - Adding [Inlined Test Properties] PropertySource with highest search precedence

  .   ____          _            __ _ _
 /\\ / ___'_ __ _ _(_)_ __  __ _ \ \ \ \
( ( )\___ | '_ | '_| | '_ \/ _` | \ \ \ \
 \\/  ___)| |_)| | | | | || (_| |  ) ) ) )
  '  |____| .__|_| |_|_| |_\__, | / / / /
 =========|_|==============|___/=/_/_/_/
 :: Spring Boot ::        (v1.5.2.RELEASE)

2017-08-23 23:03:00.908  INFO 11995 --- [    Test worker] c.t.service.ProviderApplicationTestCase  : Starting ProviderApplicationTestCase on Jesse-2.local with PID 11995 (started by jessepi in /Users/jessepi/Documents/gitproject/spring-loadbalance/service-provider)
2017-08-23 23:03:00.909  INFO 11995 --- [    Test worker] c.t.service.ProviderApplicationTestCase  : No active profile set, falling back to default profiles: default
2017-08-23 23:03:00.935  INFO 11995 --- [    Test worker] ationConfigEmbeddedWebApplicationContext : Refreshing org.springframework.boot.context.embedded.AnnotationConfigEmbeddedWebApplicationContext@394477d3: startup date [Wed Aug 23 23:03:00 CST 2017]; root of context hierarchy
2017-08-23 23:03:02.186  INFO 11995 --- [    Test worker] s.b.c.e.t.TomcatEmbeddedServletContainer : Tomcat initialized with port(s): 0 (http)
2017-08-23 23:03:02.198  INFO 11995 --- [    Test worker] o.apache.catalina.core.StandardService   : Starting service Tomcat
2017-08-23 23:03:02.199  INFO 11995 --- [    Test worker] org.apache.catalina.core.StandardEngine  : Starting Servlet Engine: Apache Tomcat/8.5.11
2017-08-23 23:03:02.302  INFO 11995 --- [ost-startStop-1] o.a.c.c.C.[Tomcat].[localhost].[/]       : Initializing Spring embedded WebApplicationContext
2017-08-23 23:03:02.302  INFO 11995 --- [ost-startStop-1] o.s.web.context.ContextLoader            : Root WebApplicationContext: initialization completed in 1371 ms
2017-08-23 23:03:02.467  INFO 11995 --- [ost-startStop-1] o.s.b.w.servlet.ServletRegistrationBean  : Mapping servlet: 'dispatcherServlet' to [/]
2017-08-23 23:03:02.472  INFO 11995 --- [ost-startStop-1] o.s.b.w.servlet.FilterRegistrationBean   : Mapping filter: 'characterEncodingFilter' to: [/*]
2017-08-23 23:03:02.472  INFO 11995 --- [ost-startStop-1] o.s.b.w.servlet.FilterRegistrationBean   : Mapping filter: 'hiddenHttpMethodFilter' to: [/*]
2017-08-23 23:03:02.472  INFO 11995 --- [ost-startStop-1] o.s.b.w.servlet.FilterRegistrationBean   : Mapping filter: 'httpPutFormContentFilter' to: [/*]
2017-08-23 23:03:02.473  INFO 11995 --- [ost-startStop-1] o.s.b.w.servlet.FilterRegistrationBean   : Mapping filter: 'requestContextFilter' to: [/*]
2017-08-23 23:03:02.796  INFO 11995 --- [    Test worker] s.w.s.m.m.a.RequestMappingHandlerAdapter : Looking for @ControllerAdvice: org.springframework.boot.context.embedded.AnnotationConfigEmbeddedWebApplicationContext@394477d3: startup date [Wed Aug 23 23:03:00 CST 2017]; root of context hierarchy
2017-08-23 23:03:02.871  INFO 11995 --- [    Test worker] s.w.s.m.m.a.RequestMappingHandlerMapping : Mapped "{[/]}" onto public java.lang.String com.tiangaop.service.HelloController.home()
2017-08-23 23:03:02.872  INFO 11995 --- [    Test worker] s.w.s.m.m.a.RequestMappingHandlerMapping : Mapped "{[/hello]}" onto public java.lang.String com.tiangaop.service.HelloController.hello()
2017-08-23 23:03:02.875  INFO 11995 --- [    Test worker] s.w.s.m.m.a.RequestMappingHandlerMapping : Mapped "{[/error]}" onto public org.springframework.http.ResponseEntity<java.util.Map<java.lang.String, java.lang.Object>> org.springframework.boot.autoconfigure.web.BasicErrorController.error(javax.servlet.http.HttpServletRequest)
2017-08-23 23:03:02.875  INFO 11995 --- [    Test worker] s.w.s.m.m.a.RequestMappingHandlerMapping : Mapped "{[/error],produces=[text/html]}" onto public org.springframework.web.servlet.ModelAndView org.springframework.boot.autoconfigure.web.BasicErrorController.errorHtml(javax.servlet.http.HttpServletRequest,javax.servlet.http.HttpServletResponse)
2017-08-23 23:03:02.904  INFO 11995 --- [    Test worker] o.s.w.s.handler.SimpleUrlHandlerMapping  : Mapped URL path [/webjars/**] onto handler of type [class org.springframework.web.servlet.resource.ResourceHttpRequestHandler]
2017-08-23 23:03:02.904  INFO 11995 --- [    Test worker] o.s.w.s.handler.SimpleUrlHandlerMapping  : Mapped URL path [/**] onto handler of type [class org.springframework.web.servlet.resource.ResourceHttpRequestHandler]
2017-08-23 23:03:02.940  INFO 11995 --- [    Test worker] o.s.w.s.handler.SimpleUrlHandlerMapping  : Mapped URL path [/**/favicon.ico] onto handler of type [class org.springframework.web.servlet.resource.ResourceHttpRequestHandler]
2017-08-23 23:03:03.108  INFO 11995 --- [    Test worker] s.b.c.e.t.TomcatEmbeddedServletContainer : Tomcat started on port(s): 60387 (http)
2017-08-23 23:03:03.113  INFO 11995 --- [    Test worker] c.t.service.ProviderApplicationTestCase  : Started ProviderApplicationTestCase in 2.601 seconds (JVM running for 3.358)
2017-08-23 23:03:03.236  INFO 11995 --- [o-auto-1-exec-1] o.a.c.c.C.[Tomcat].[localhost].[/]       : Initializing Spring FrameworkServlet 'dispatcherServlet'
2017-08-23 23:03:03.236  INFO 11995 --- [o-auto-1-exec-1] o.s.web.servlet.DispatcherServlet        : FrameworkServlet 'dispatcherServlet': initialization started
2017-08-23 23:03:03.258  INFO 11995 --- [o-auto-1-exec-1] o.s.web.servlet.DispatcherServlet        : FrameworkServlet 'dispatcherServlet': initialization completed in 22 ms
2017-08-23 23:03:03.357  INFO 11995 --- [o-auto-1-exec-2] com.tiangaop.service.HelloController     : Access /hello
]]></system-out>
  <system-err><![CDATA[]]></system-err>
</testsuite>
