<?xml version="1.0" encoding="UTF-8"?>
<testsuite name="com.tiangaop.consumer.ApplicationTestCase" tests="1" skipped="0" failures="0" errors="0" timestamp="2017-08-23T14:46:50" hostname="Jesse-2.local" time="4.467">
  <properties/>
  <testcase name="shouldRoundRobinOverInstancesWhenCallingServicesViaRibbon" classname="com.tiangaop.consumer.ApplicationTestCase" time="4.467"/>
  <system-out><![CDATA[22:46:46.123 [Test worker] DEBUG org.springframework.test.context.junit4.SpringJUnit4ClassRunner - SpringJUnit4ClassRunner constructor called with [class com.tiangaop.consumer.ApplicationTestCase]
22:46:46.137 [Test worker] DEBUG org.springframework.test.context.BootstrapUtils - Instantiating CacheAwareContextLoaderDelegate from class [org.springframework.test.context.cache.DefaultCacheAwareContextLoaderDelegate]
22:46:46.145 [Test worker] DEBUG org.springframework.test.context.BootstrapUtils - Instantiating BootstrapContext using constructor [public org.springframework.test.context.support.DefaultBootstrapContext(java.lang.Class,org.springframework.test.context.CacheAwareContextLoaderDelegate)]
22:46:46.162 [Test worker] DEBUG org.springframework.test.context.BootstrapUtils - Instantiating TestContextBootstrapper for test class [com.tiangaop.consumer.ApplicationTestCase] from class [org.springframework.boot.test.context.SpringBootTestContextBootstrapper]
22:46:46.175 [Test worker] INFO org.springframework.boot.test.context.SpringBootTestContextBootstrapper - Neither @ContextConfiguration nor @ContextHierarchy found for test class [com.tiangaop.consumer.ApplicationTestCase], using SpringBootContextLoader
22:46:46.179 [Test worker] DEBUG org.springframework.test.context.support.AbstractContextLoader - Did not detect default resource location for test class [com.tiangaop.consumer.ApplicationTestCase]: class path resource [com/tiangaop/consumer/ApplicationTestCase-context.xml] does not exist
22:46:46.179 [Test worker] DEBUG org.springframework.test.context.support.AbstractContextLoader - Did not detect default resource location for test class [com.tiangaop.consumer.ApplicationTestCase]: class path resource [com/tiangaop/consumer/ApplicationTestCaseContext.groovy] does not exist
22:46:46.179 [Test worker] INFO org.springframework.test.context.support.AbstractContextLoader - Could not detect default resource locations for test class [com.tiangaop.consumer.ApplicationTestCase]: no resource found for suffixes {-context.xml, Context.groovy}.
22:46:46.219 [Test worker] DEBUG org.springframework.test.context.support.ActiveProfilesUtils - Could not find an 'annotation declaring class' for annotation type [org.springframework.test.context.ActiveProfiles] and class [com.tiangaop.consumer.ApplicationTestCase]
22:46:46.250 [Test worker] DEBUG org.springframework.boot.test.context.SpringBootTestContextBootstrapper - @TestExecutionListeners is not present for class [com.tiangaop.consumer.ApplicationTestCase]: using defaults.
22:46:46.255 [Test worker] INFO org.springframework.boot.test.context.SpringBootTestContextBootstrapper - Loaded default TestExecutionListener class names from location [META-INF/spring.factories]: [org.springframework.boot.test.mock.mockito.MockitoTestExecutionListener, org.springframework.boot.test.mock.mockito.ResetMocksTestExecutionListener, org.springframework.boot.test.autoconfigure.restdocs.RestDocsTestExecutionListener, org.springframework.boot.test.autoconfigure.web.client.MockRestServiceServerResetTestExecutionListener, org.springframework.boot.test.autoconfigure.web.servlet.MockMvcPrintOnlyOnFailureTestExecutionListener, org.springframework.boot.test.autoconfigure.web.servlet.WebDriverTestExecutionListener, org.springframework.test.context.web.ServletTestExecutionListener, org.springframework.test.context.support.DirtiesContextBeforeModesTestExecutionListener, org.springframework.test.context.support.DependencyInjectionTestExecutionListener, org.springframework.test.context.support.DirtiesContextTestExecutionListener, org.springframework.test.context.transaction.TransactionalTestExecutionListener, org.springframework.test.context.jdbc.SqlScriptsTestExecutionListener]
22:46:46.266 [Test worker] INFO org.springframework.boot.test.context.SpringBootTestContextBootstrapper - Could not instantiate TestExecutionListener [org.springframework.test.context.jdbc.SqlScriptsTestExecutionListener]. Specify custom listener classes or make the default listener classes (and their required dependencies) available. Offending class: [org/springframework/transaction/interceptor/TransactionAttribute]
22:46:46.267 [Test worker] INFO org.springframework.boot.test.context.SpringBootTestContextBootstrapper - Could not instantiate TestExecutionListener [org.springframework.test.context.transaction.TransactionalTestExecutionListener]. Specify custom listener classes or make the default listener classes (and their required dependencies) available. Offending class: [org/springframework/transaction/interceptor/TransactionAttributeSource]
22:46:46.272 [Test worker] INFO org.springframework.boot.test.context.SpringBootTestContextBootstrapper - Using TestExecutionListeners: [org.springframework.test.context.web.ServletTestExecutionListener@a0a52c3, org.springframework.test.context.support.DirtiesContextBeforeModesTestExecutionListener@7ae175e7, org.springframework.boot.test.autoconfigure.SpringBootDependencyInjectionTestExecutionListener@2f8c3df1, org.springframework.test.context.support.DirtiesContextTestExecutionListener@4072f757, org.springframework.boot.test.mock.mockito.MockitoTestExecutionListener@18b639d0, org.springframework.boot.test.autoconfigure.restdocs.RestDocsTestExecutionListener@6989296c, org.springframework.boot.test.mock.mockito.ResetMocksTestExecutionListener@27a4e219, org.springframework.boot.test.autoconfigure.web.servlet.WebDriverTestExecutionListener@703b71f5, org.springframework.boot.test.autoconfigure.web.client.MockRestServiceServerResetTestExecutionListener@596aae9b, org.springframework.boot.test.autoconfigure.web.servlet.MockMvcPrintOnlyOnFailureTestExecutionListener@79083e93]
22:46:46.276 [Test worker] DEBUG org.springframework.test.annotation.ProfileValueUtils - Retrieved @ProfileValueSourceConfiguration [null] for test class [com.tiangaop.consumer.ApplicationTestCase]
22:46:46.276 [Test worker] DEBUG org.springframework.test.annotation.ProfileValueUtils - Retrieved ProfileValueSource type [class org.springframework.test.annotation.SystemProfileValueSource] for class [com.tiangaop.consumer.ApplicationTestCase]
22:46:46.277 [Test worker] DEBUG org.springframework.test.annotation.ProfileValueUtils - Retrieved @ProfileValueSourceConfiguration [null] for test class [com.tiangaop.consumer.ApplicationTestCase]
22:46:46.277 [Test worker] DEBUG org.springframework.test.annotation.ProfileValueUtils - Retrieved ProfileValueSource type [class org.springframework.test.annotation.SystemProfileValueSource] for class [com.tiangaop.consumer.ApplicationTestCase]
22:46:46.283 [Test worker] DEBUG org.springframework.test.context.support.AbstractDirtiesContextTestExecutionListener - Before test class: context [DefaultTestContext@25694ad9 testClass = ApplicationTestCase, testInstance = [null], testMethod = [null], testException = [null], mergedContextConfiguration = [WebMergedContextConfiguration@3ba8b59a testClass = ApplicationTestCase, locations = '{}', classes = '{class com.tiangaop.consumer.Application, class com.tiangaop.consumer.Application}', contextInitializerClasses = '[]', activeProfiles = '{}', propertySourceLocations = '{}', propertySourceProperties = '{org.springframework.boot.test.context.SpringBootTestContextBootstrapper=true, server.port=0}', contextCustomizers = set[org.springframework.boot.test.context.SpringBootTestContextCustomizer@7531e2be, org.springframework.boot.test.context.filter.ExcludeFilterContextCustomizer@6dc2bfa9, org.springframework.boot.test.mock.mockito.MockitoContextCustomizer@0, org.springframework.boot.test.autoconfigure.properties.PropertyMappingContextCustomizer@0, org.springframework.boot.test.autoconfigure.web.servlet.WebDriverContextCustomizerFactory$Customizer@5c98543e], resourceBasePath = 'src/main/webapp', contextLoader = 'org.springframework.boot.test.context.SpringBootContextLoader', parent = [null]]], class annotated with @DirtiesContext [false] with mode [null].
22:46:46.283 [Test worker] DEBUG org.springframework.test.annotation.ProfileValueUtils - Retrieved @ProfileValueSourceConfiguration [null] for test class [com.tiangaop.consumer.ApplicationTestCase]
22:46:46.284 [Test worker] DEBUG org.springframework.test.annotation.ProfileValueUtils - Retrieved ProfileValueSource type [class org.springframework.test.annotation.SystemProfileValueSource] for class [com.tiangaop.consumer.ApplicationTestCase]
22:46:46.284 [Test worker] DEBUG org.springframework.test.context.support.DependencyInjectionTestExecutionListener - Performing dependency injection for test context [[DefaultTestContext@25694ad9 testClass = ApplicationTestCase, testInstance = com.tiangaop.consumer.ApplicationTestCase@2e23b16f, testMethod = [null], testException = [null], mergedContextConfiguration = [WebMergedContextConfiguration@3ba8b59a testClass = ApplicationTestCase, locations = '{}', classes = '{class com.tiangaop.consumer.Application, class com.tiangaop.consumer.Application}', contextInitializerClasses = '[]', activeProfiles = '{}', propertySourceLocations = '{}', propertySourceProperties = '{org.springframework.boot.test.context.SpringBootTestContextBootstrapper=true, server.port=0}', contextCustomizers = set[org.springframework.boot.test.context.SpringBootTestContextCustomizer@7531e2be, org.springframework.boot.test.context.filter.ExcludeFilterContextCustomizer@6dc2bfa9, org.springframework.boot.test.mock.mockito.MockitoContextCustomizer@0, org.springframework.boot.test.autoconfigure.properties.PropertyMappingContextCustomizer@0, org.springframework.boot.test.autoconfigure.web.servlet.WebDriverContextCustomizerFactory$Customizer@5c98543e], resourceBasePath = 'src/main/webapp', contextLoader = 'org.springframework.boot.test.context.SpringBootContextLoader', parent = [null]]]].
22:46:46.369 [Test worker] DEBUG org.springframework.core.env.StandardEnvironment - Adding [systemProperties] PropertySource with lowest search precedence
22:46:46.370 [Test worker] DEBUG org.springframework.core.env.StandardEnvironment - Adding [systemEnvironment] PropertySource with lowest search precedence
22:46:46.371 [Test worker] DEBUG org.springframework.core.env.StandardEnvironment - Initialized StandardEnvironment with PropertySources [systemProperties,systemEnvironment]
22:46:46.372 [Test worker] DEBUG org.springframework.test.context.support.TestPropertySourceUtils - Adding inlined properties to environment: {spring.jmx.enabled=false, org.springframework.boot.test.context.SpringBootTestContextBootstrapper=true, server.port=0}
22:46:46.372 [Test worker] DEBUG org.springframework.core.env.StandardEnvironment - Adding [Inlined Test Properties] PropertySource with highest search precedence
2017-08-23 22:46:46.859  INFO 11924 --- [    Test worker] s.c.a.AnnotationConfigApplicationContext : Refreshing org.springframework.context.annotation.AnnotationConfigApplicationContext@5dc9e8f1: startup date [Wed Aug 23 22:46:46 CST 2017]; root of context hierarchy
2017-08-23 22:46:47.317  INFO 11924 --- [    Test worker] f.a.AutowiredAnnotationBeanPostProcessor : JSR-330 'javax.inject.Inject' annotation found and supported for autowiring
2017-08-23 22:46:47.446  INFO 11924 --- [    Test worker] trationDelegate$BeanPostProcessorChecker : Bean 'configurationPropertiesRebinderAutoConfiguration' of type [org.springframework.cloud.autoconfigure.ConfigurationPropertiesRebinderAutoConfiguration$$EnhancerBySpringCGLIB$$38a0bc49] is not eligible for getting processed by all BeanPostProcessors (for example: not eligible for auto-proxying)

  .   ____          _            __ _ _
 /\\ / ___'_ __ _ _(_)_ __  __ _ \ \ \ \
( ( )\___ | '_ | '_| | '_ \/ _` | \ \ \ \
 \\/  ___)| |_)| | | | | || (_| |  ) ) ) )
  '  |____| .__|_| |_|_| |_\__, | / / / /
 =========|_|==============|___/=/_/_/_/
 :: Spring Boot ::        (v1.5.2.RELEASE)

2017-08-23 22:46:47.956  INFO 11924 --- [    Test worker] c.tiangaop.consumer.ApplicationTestCase  : No active profile set, falling back to default profiles: default
2017-08-23 22:46:47.960  INFO 11924 --- [    Test worker] ationConfigEmbeddedWebApplicationContext : Refreshing org.springframework.boot.context.embedded.AnnotationConfigEmbeddedWebApplicationContext@417948ca: startup date [Wed Aug 23 22:46:47 CST 2017]; parent: org.springframework.context.annotation.AnnotationConfigApplicationContext@5dc9e8f1
2017-08-23 22:46:48.441  WARN 11924 --- [    Test worker] o.s.c.a.ConfigurationClassPostProcessor  : Cannot enhance @Configuration bean definition 'refreshScope' since its singleton instance has been created too early. The typical cause is a non-static @Bean method with a BeanDefinitionRegistryPostProcessor return type: Consider declaring such methods as 'static'.
2017-08-23 22:46:48.541  INFO 11924 --- [    Test worker] o.s.cloud.context.scope.GenericScope     : BeanFactory id=376b4501-bf86-39c6-bca6-2cfd7365641d
2017-08-23 22:46:48.602  INFO 11924 --- [    Test worker] f.a.AutowiredAnnotationBeanPostProcessor : JSR-330 'javax.inject.Inject' annotation found and supported for autowiring
2017-08-23 22:46:48.681  INFO 11924 --- [    Test worker] trationDelegate$BeanPostProcessorChecker : Bean 'org.springframework.cloud.autoconfigure.ConfigurationPropertiesRebinderAutoConfiguration' of type [org.springframework.cloud.autoconfigure.ConfigurationPropertiesRebinderAutoConfiguration$$EnhancerBySpringCGLIB$$38a0bc49] is not eligible for getting processed by all BeanPostProcessors (for example: not eligible for auto-proxying)
2017-08-23 22:46:48.896  INFO 11924 --- [    Test worker] s.b.c.e.t.TomcatEmbeddedServletContainer : Tomcat initialized with port(s): 0 (http)
2017-08-23 22:46:48.907  INFO 11924 --- [    Test worker] o.apache.catalina.core.StandardService   : Starting service Tomcat
2017-08-23 22:46:48.909  INFO 11924 --- [    Test worker] org.apache.catalina.core.StandardEngine  : Starting Servlet Engine: Apache Tomcat/8.5.11
2017-08-23 22:46:49.037  INFO 11924 --- [ost-startStop-1] o.a.c.c.C.[Tomcat].[localhost].[/]       : Initializing Spring embedded WebApplicationContext
2017-08-23 22:46:49.037  INFO 11924 --- [ost-startStop-1] o.s.web.context.ContextLoader            : Root WebApplicationContext: initialization completed in 1077 ms
2017-08-23 22:46:49.172  INFO 11924 --- [ost-startStop-1] o.s.b.w.servlet.ServletRegistrationBean  : Mapping servlet: 'dispatcherServlet' to [/]
2017-08-23 22:46:49.177  INFO 11924 --- [ost-startStop-1] o.s.b.w.servlet.FilterRegistrationBean   : Mapping filter: 'characterEncodingFilter' to: [/*]
2017-08-23 22:46:49.178  INFO 11924 --- [ost-startStop-1] o.s.b.w.servlet.FilterRegistrationBean   : Mapping filter: 'hiddenHttpMethodFilter' to: [/*]
2017-08-23 22:46:49.178  INFO 11924 --- [ost-startStop-1] o.s.b.w.servlet.FilterRegistrationBean   : Mapping filter: 'httpPutFormContentFilter' to: [/*]
2017-08-23 22:46:49.178  INFO 11924 --- [ost-startStop-1] o.s.b.w.servlet.FilterRegistrationBean   : Mapping filter: 'requestContextFilter' to: [/*]
2017-08-23 22:46:49.727  INFO 11924 --- [    Test worker] s.w.s.m.m.a.RequestMappingHandlerAdapter : Looking for @ControllerAdvice: org.springframework.boot.context.embedded.AnnotationConfigEmbeddedWebApplicationContext@417948ca: startup date [Wed Aug 23 22:46:47 CST 2017]; parent: org.springframework.context.annotation.AnnotationConfigApplicationContext@5dc9e8f1
2017-08-23 22:46:49.804  INFO 11924 --- [    Test worker] s.w.s.m.m.a.RequestMappingHandlerMapping : Mapped "{[/hi]}" onto public java.lang.String com.tiangaop.consumer.ConsumerController.hi(java.lang.String)
2017-08-23 22:46:49.807  INFO 11924 --- [    Test worker] s.w.s.m.m.a.RequestMappingHandlerMapping : Mapped "{[/error]}" onto public org.springframework.http.ResponseEntity<java.util.Map<java.lang.String, java.lang.Object>> org.springframework.boot.autoconfigure.web.BasicErrorController.error(javax.servlet.http.HttpServletRequest)
2017-08-23 22:46:49.807  INFO 11924 --- [    Test worker] s.w.s.m.m.a.RequestMappingHandlerMapping : Mapped "{[/error],produces=[text/html]}" onto public org.springframework.web.servlet.ModelAndView org.springframework.boot.autoconfigure.web.BasicErrorController.errorHtml(javax.servlet.http.HttpServletRequest,javax.servlet.http.HttpServletResponse)
2017-08-23 22:46:49.848  INFO 11924 --- [    Test worker] o.s.w.s.handler.SimpleUrlHandlerMapping  : Mapped URL path [/webjars/**] onto handler of type [class org.springframework.web.servlet.resource.ResourceHttpRequestHandler]
2017-08-23 22:46:49.848  INFO 11924 --- [    Test worker] o.s.w.s.handler.SimpleUrlHandlerMapping  : Mapped URL path [/**] onto handler of type [class org.springframework.web.servlet.resource.ResourceHttpRequestHandler]
2017-08-23 22:46:49.895  INFO 11924 --- [    Test worker] o.s.w.s.handler.SimpleUrlHandlerMapping  : Mapped URL path [/**/favicon.ico] onto handler of type [class org.springframework.web.servlet.resource.ResourceHttpRequestHandler]
2017-08-23 22:46:50.098  WARN 11924 --- [    Test worker] o.s.c.n.a.ArchaiusAutoConfiguration      : No spring.application.name found, defaulting to 'application'
2017-08-23 22:46:50.103  WARN 11924 --- [    Test worker] c.n.c.sources.URLConfigurationSource     : No URLs will be polled as dynamic configuration sources.
2017-08-23 22:46:50.103  INFO 11924 --- [    Test worker] c.n.c.sources.URLConfigurationSource     : To enable URLs as dynamic configuration sources, define System property archaius.configurationSource.additionalUrls or make config.properties available on classpath.
2017-08-23 22:46:50.111  WARN 11924 --- [    Test worker] c.n.c.sources.URLConfigurationSource     : No URLs will be polled as dynamic configuration sources.
2017-08-23 22:46:50.111  INFO 11924 --- [    Test worker] c.n.c.sources.URLConfigurationSource     : To enable URLs as dynamic configuration sources, define System property archaius.configurationSource.additionalUrls or make config.properties available on classpath.
2017-08-23 22:46:50.450  INFO 11924 --- [    Test worker] s.b.c.e.t.TomcatEmbeddedServletContainer : Tomcat started on port(s): 60184 (http)
2017-08-23 22:46:50.454  INFO 11924 --- [    Test worker] c.tiangaop.consumer.ApplicationTestCase  : Started ApplicationTestCase in 4.078 seconds (JVM running for 5.038)
2017-08-23 22:46:50.556  INFO 11924 --- [    Test worker] s.c.a.AnnotationConfigApplicationContext : Refreshing org.springframework.context.annotation.AnnotationConfigApplicationContext@2b842c60: startup date [Wed Aug 23 22:46:50 CST 2017]; root of context hierarchy
2017-08-23 22:46:50.581  INFO 11924 --- [    Test worker] f.a.AutowiredAnnotationBeanPostProcessor : JSR-330 'javax.inject.Inject' annotation found and supported for autowiring
2017-08-23 22:46:50.604  INFO 11924 --- [    Test worker] trationDelegate$BeanPostProcessorChecker : Bean 'configurationPropertiesRebinderAutoConfiguration' of type [org.springframework.cloud.autoconfigure.ConfigurationPropertiesRebinderAutoConfiguration$$EnhancerBySpringCGLIB$$38a0bc49] is not eligible for getting processed by all BeanPostProcessors (for example: not eligible for auto-proxying)

  .   ____          _            __ _ _
 /\\ / ___'_ __ _ _(_)_ __  __ _ \ \ \ \
( ( )\___ | '_ | '_| | '_ \/ _` | \ \ \ \
 \\/  ___)| |_)| | | | | || (_| |  ) ) ) )
  '  |____| .__|_| |_|_| |_\__, | / / / /
 =========|_|==============|___/=/_/_/_/
 :: Spring Boot ::        (v1.5.2.RELEASE)

2017-08-23 22:46:50.698  INFO 11924 --- [    Test worker] o.s.boot.SpringApplication               : No active profile set, falling back to default profiles: default
2017-08-23 22:46:50.700  INFO 11924 --- [    Test worker] ationConfigEmbeddedWebApplicationContext : Refreshing org.springframework.boot.context.embedded.AnnotationConfigEmbeddedWebApplicationContext@6e4affc4: startup date [Wed Aug 23 22:46:50 CST 2017]; parent: org.springframework.context.annotation.AnnotationConfigApplicationContext@2b842c60
2017-08-23 22:46:50.900  WARN 11924 --- [    Test worker] o.s.c.a.ConfigurationClassPostProcessor  : Cannot enhance @Configuration bean definition 'refreshScope' since its singleton instance has been created too early. The typical cause is a non-static @Bean method with a BeanDefinitionRegistryPostProcessor return type: Consider declaring such methods as 'static'.
2017-08-23 22:46:50.907  INFO 11924 --- [    Test worker] o.s.cloud.context.scope.GenericScope     : BeanFactory id=a3076071-30b5-3437-8524-dfda681a7b93
2017-08-23 22:46:50.922  INFO 11924 --- [    Test worker] f.a.AutowiredAnnotationBeanPostProcessor : JSR-330 'javax.inject.Inject' annotation found and supported for autowiring
2017-08-23 22:46:51.040  INFO 11924 --- [    Test worker] trationDelegate$BeanPostProcessorChecker : Bean 'org.springframework.cloud.autoconfigure.ConfigurationPropertiesRebinderAutoConfiguration' of type [org.springframework.cloud.autoconfigure.ConfigurationPropertiesRebinderAutoConfiguration$$EnhancerBySpringCGLIB$$38a0bc49] is not eligible for getting processed by all BeanPostProcessors (for example: not eligible for auto-proxying)
2017-08-23 22:46:51.166  INFO 11924 --- [    Test worker] s.b.c.e.t.TomcatEmbeddedServletContainer : Tomcat initialized with port(s): 8090 (http)
2017-08-23 22:46:51.167  INFO 11924 --- [    Test worker] o.apache.catalina.core.StandardService   : Starting service Tomcat
2017-08-23 22:46:51.167  INFO 11924 --- [    Test worker] org.apache.catalina.core.StandardEngine  : Starting Servlet Engine: Apache Tomcat/8.5.11
2017-08-23 22:46:51.173  INFO 11924 --- [ost-startStop-1] o.a.c.c.C.[Tomcat-1].[localhost].[/]     : Initializing Spring embedded WebApplicationContext
2017-08-23 22:46:51.174  INFO 11924 --- [ost-startStop-1] o.s.web.context.ContextLoader            : Root WebApplicationContext: initialization completed in 474 ms
2017-08-23 22:46:51.253  INFO 11924 --- [ost-startStop-1] o.s.b.w.servlet.ServletRegistrationBean  : Mapping servlet: 'dispatcherServlet' to [/]
2017-08-23 22:46:51.254  INFO 11924 --- [ost-startStop-1] o.s.b.w.servlet.FilterRegistrationBean   : Mapping filter: 'characterEncodingFilter' to: [/*]
2017-08-23 22:46:51.254  INFO 11924 --- [ost-startStop-1] o.s.b.w.servlet.FilterRegistrationBean   : Mapping filter: 'hiddenHttpMethodFilter' to: [/*]
2017-08-23 22:46:51.254  INFO 11924 --- [ost-startStop-1] o.s.b.w.servlet.FilterRegistrationBean   : Mapping filter: 'httpPutFormContentFilter' to: [/*]
2017-08-23 22:46:51.255  INFO 11924 --- [ost-startStop-1] o.s.b.w.servlet.FilterRegistrationBean   : Mapping filter: 'requestContextFilter' to: [/*]
2017-08-23 22:46:51.431  INFO 11924 --- [    Test worker] s.w.s.m.m.a.RequestMappingHandlerAdapter : Looking for @ControllerAdvice: org.springframework.boot.context.embedded.AnnotationConfigEmbeddedWebApplicationContext@6e4affc4: startup date [Wed Aug 23 22:46:50 CST 2017]; parent: org.springframework.context.annotation.AnnotationConfigApplicationContext@2b842c60
2017-08-23 22:46:51.451  INFO 11924 --- [    Test worker] s.w.s.m.m.a.RequestMappingHandlerMapping : Mapped "{[/]}" onto public java.lang.String com.tiangaop.consumer.ApplicationTestCase$TestApplication.health()
2017-08-23 22:46:51.451  INFO 11924 --- [    Test worker] s.w.s.m.m.a.RequestMappingHandlerMapping : Mapped "{[/greeting]}" onto public java.lang.Integer com.tiangaop.consumer.ApplicationTestCase$TestApplication.greet()
2017-08-23 22:46:51.453  INFO 11924 --- [    Test worker] s.w.s.m.m.a.RequestMappingHandlerMapping : Mapped "{[/error]}" onto public org.springframework.http.ResponseEntity<java.util.Map<java.lang.String, java.lang.Object>> org.springframework.boot.autoconfigure.web.BasicErrorController.error(javax.servlet.http.HttpServletRequest)
2017-08-23 22:46:51.453  INFO 11924 --- [    Test worker] s.w.s.m.m.a.RequestMappingHandlerMapping : Mapped "{[/error],produces=[text/html]}" onto public org.springframework.web.servlet.ModelAndView org.springframework.boot.autoconfigure.web.BasicErrorController.errorHtml(javax.servlet.http.HttpServletRequest,javax.servlet.http.HttpServletResponse)
2017-08-23 22:46:51.488  INFO 11924 --- [    Test worker] o.s.w.s.handler.SimpleUrlHandlerMapping  : Mapped URL path [/webjars/**] onto handler of type [class org.springframework.web.servlet.resource.ResourceHttpRequestHandler]
2017-08-23 22:46:51.488  INFO 11924 --- [    Test worker] o.s.w.s.handler.SimpleUrlHandlerMapping  : Mapped URL path [/**] onto handler of type [class org.springframework.web.servlet.resource.ResourceHttpRequestHandler]
2017-08-23 22:46:51.520  INFO 11924 --- [    Test worker] o.s.w.s.handler.SimpleUrlHandlerMapping  : Mapped URL path [/**/favicon.ico] onto handler of type [class org.springframework.web.servlet.resource.ResourceHttpRequestHandler]
2017-08-23 22:46:51.656  WARN 11924 --- [    Test worker] o.s.c.n.a.ArchaiusAutoConfiguration      : Netflix ConfigurationManager has already been installed, unable to re-install
2017-08-23 22:46:51.800  INFO 11924 --- [    Test worker] s.b.c.e.t.TomcatEmbeddedServletContainer : Tomcat started on port(s): 8090 (http)
2017-08-23 22:46:51.802  INFO 11924 --- [    Test worker] o.s.boot.SpringApplication               : Started application in 1.303 seconds (JVM running for 6.386)
2017-08-23 22:46:51.852  INFO 11924 --- [    Test worker] s.c.a.AnnotationConfigApplicationContext : Refreshing org.springframework.context.annotation.AnnotationConfigApplicationContext@36cb7e06: startup date [Wed Aug 23 22:46:51 CST 2017]; root of context hierarchy
2017-08-23 22:46:51.880  INFO 11924 --- [    Test worker] f.a.AutowiredAnnotationBeanPostProcessor : JSR-330 'javax.inject.Inject' annotation found and supported for autowiring
2017-08-23 22:46:51.904  INFO 11924 --- [    Test worker] trationDelegate$BeanPostProcessorChecker : Bean 'configurationPropertiesRebinderAutoConfiguration' of type [org.springframework.cloud.autoconfigure.ConfigurationPropertiesRebinderAutoConfiguration$$EnhancerBySpringCGLIB$$38a0bc49] is not eligible for getting processed by all BeanPostProcessors (for example: not eligible for auto-proxying)

  .   ____          _            __ _ _
 /\\ / ___'_ __ _ _(_)_ __  __ _ \ \ \ \
( ( )\___ | '_ | '_| | '_ \/ _` | \ \ \ \
 \\/  ___)| |_)| | | | | || (_| |  ) ) ) )
  '  |____| .__|_| |_|_| |_\__, | / / / /
 =========|_|==============|___/=/_/_/_/
 :: Spring Boot ::        (v1.5.2.RELEASE)

2017-08-23 22:46:52.017  INFO 11924 --- [    Test worker] o.s.boot.SpringApplication               : No active profile set, falling back to default profiles: default
2017-08-23 22:46:52.020  INFO 11924 --- [    Test worker] ationConfigEmbeddedWebApplicationContext : Refreshing org.springframework.boot.context.embedded.AnnotationConfigEmbeddedWebApplicationContext@5824d7c7: startup date [Wed Aug 23 22:46:52 CST 2017]; parent: org.springframework.context.annotation.AnnotationConfigApplicationContext@36cb7e06
2017-08-23 22:46:52.202  WARN 11924 --- [    Test worker] o.s.c.a.ConfigurationClassPostProcessor  : Cannot enhance @Configuration bean definition 'refreshScope' since its singleton instance has been created too early. The typical cause is a non-static @Bean method with a BeanDefinitionRegistryPostProcessor return type: Consider declaring such methods as 'static'.
2017-08-23 22:46:52.204  INFO 11924 --- [    Test worker] o.s.cloud.context.scope.GenericScope     : BeanFactory id=a3076071-30b5-3437-8524-dfda681a7b93
2017-08-23 22:46:52.217  INFO 11924 --- [    Test worker] f.a.AutowiredAnnotationBeanPostProcessor : JSR-330 'javax.inject.Inject' annotation found and supported for autowiring
2017-08-23 22:46:52.271  INFO 11924 --- [    Test worker] trationDelegate$BeanPostProcessorChecker : Bean 'org.springframework.cloud.autoconfigure.ConfigurationPropertiesRebinderAutoConfiguration' of type [org.springframework.cloud.autoconfigure.ConfigurationPropertiesRebinderAutoConfiguration$$EnhancerBySpringCGLIB$$38a0bc49] is not eligible for getting processed by all BeanPostProcessors (for example: not eligible for auto-proxying)
2017-08-23 22:46:52.340  INFO 11924 --- [    Test worker] s.b.c.e.t.TomcatEmbeddedServletContainer : Tomcat initialized with port(s): 9092 (http)
2017-08-23 22:46:52.341  INFO 11924 --- [    Test worker] o.apache.catalina.core.StandardService   : Starting service Tomcat
2017-08-23 22:46:52.342  INFO 11924 --- [    Test worker] org.apache.catalina.core.StandardEngine  : Starting Servlet Engine: Apache Tomcat/8.5.11
2017-08-23 22:46:52.348  INFO 11924 --- [ost-startStop-1] o.a.c.c.C.[Tomcat-2].[localhost].[/]     : Initializing Spring embedded WebApplicationContext
2017-08-23 22:46:52.349  INFO 11924 --- [ost-startStop-1] o.s.web.context.ContextLoader            : Root WebApplicationContext: initialization completed in 329 ms
2017-08-23 22:46:52.426  INFO 11924 --- [ost-startStop-1] o.s.b.w.servlet.ServletRegistrationBean  : Mapping servlet: 'dispatcherServlet' to [/]
2017-08-23 22:46:52.427  INFO 11924 --- [ost-startStop-1] o.s.b.w.servlet.FilterRegistrationBean   : Mapping filter: 'characterEncodingFilter' to: [/*]
2017-08-23 22:46:52.427  INFO 11924 --- [ost-startStop-1] o.s.b.w.servlet.FilterRegistrationBean   : Mapping filter: 'hiddenHttpMethodFilter' to: [/*]
2017-08-23 22:46:52.427  INFO 11924 --- [ost-startStop-1] o.s.b.w.servlet.FilterRegistrationBean   : Mapping filter: 'httpPutFormContentFilter' to: [/*]
2017-08-23 22:46:52.427  INFO 11924 --- [ost-startStop-1] o.s.b.w.servlet.FilterRegistrationBean   : Mapping filter: 'requestContextFilter' to: [/*]
2017-08-23 22:46:52.566  INFO 11924 --- [    Test worker] s.w.s.m.m.a.RequestMappingHandlerAdapter : Looking for @ControllerAdvice: org.springframework.boot.context.embedded.AnnotationConfigEmbeddedWebApplicationContext@5824d7c7: startup date [Wed Aug 23 22:46:52 CST 2017]; parent: org.springframework.context.annotation.AnnotationConfigApplicationContext@36cb7e06
2017-08-23 22:46:52.585  INFO 11924 --- [    Test worker] s.w.s.m.m.a.RequestMappingHandlerMapping : Mapped "{[/]}" onto public java.lang.String com.tiangaop.consumer.ApplicationTestCase$TestApplication.health()
2017-08-23 22:46:52.585  INFO 11924 --- [    Test worker] s.w.s.m.m.a.RequestMappingHandlerMapping : Mapped "{[/greeting]}" onto public java.lang.Integer com.tiangaop.consumer.ApplicationTestCase$TestApplication.greet()
2017-08-23 22:46:52.587  INFO 11924 --- [    Test worker] s.w.s.m.m.a.RequestMappingHandlerMapping : Mapped "{[/error]}" onto public org.springframework.http.ResponseEntity<java.util.Map<java.lang.String, java.lang.Object>> org.springframework.boot.autoconfigure.web.BasicErrorController.error(javax.servlet.http.HttpServletRequest)
2017-08-23 22:46:52.587  INFO 11924 --- [    Test worker] s.w.s.m.m.a.RequestMappingHandlerMapping : Mapped "{[/error],produces=[text/html]}" onto public org.springframework.web.servlet.ModelAndView org.springframework.boot.autoconfigure.web.BasicErrorController.errorHtml(javax.servlet.http.HttpServletRequest,javax.servlet.http.HttpServletResponse)
2017-08-23 22:46:52.612  INFO 11924 --- [    Test worker] o.s.w.s.handler.SimpleUrlHandlerMapping  : Mapped URL path [/webjars/**] onto handler of type [class org.springframework.web.servlet.resource.ResourceHttpRequestHandler]
2017-08-23 22:46:52.612  INFO 11924 --- [    Test worker] o.s.w.s.handler.SimpleUrlHandlerMapping  : Mapped URL path [/**] onto handler of type [class org.springframework.web.servlet.resource.ResourceHttpRequestHandler]
2017-08-23 22:46:52.640  INFO 11924 --- [    Test worker] o.s.w.s.handler.SimpleUrlHandlerMapping  : Mapped URL path [/**/favicon.ico] onto handler of type [class org.springframework.web.servlet.resource.ResourceHttpRequestHandler]
2017-08-23 22:46:52.767  WARN 11924 --- [    Test worker] o.s.c.n.a.ArchaiusAutoConfiguration      : Netflix ConfigurationManager has already been installed, unable to re-install
2017-08-23 22:46:52.917  INFO 11924 --- [    Test worker] s.b.c.e.t.TomcatEmbeddedServletContainer : Tomcat started on port(s): 9092 (http)
2017-08-23 22:46:52.919  INFO 11924 --- [    Test worker] o.s.boot.SpringApplication               : Started application in 1.114 seconds (JVM running for 7.503)
2017-08-23 22:46:52.961  INFO 11924 --- [    Test worker] s.c.a.AnnotationConfigApplicationContext : Refreshing org.springframework.context.annotation.AnnotationConfigApplicationContext@3b31b9cd: startup date [Wed Aug 23 22:46:52 CST 2017]; root of context hierarchy
2017-08-23 22:46:52.986  INFO 11924 --- [    Test worker] f.a.AutowiredAnnotationBeanPostProcessor : JSR-330 'javax.inject.Inject' annotation found and supported for autowiring
2017-08-23 22:46:53.008  INFO 11924 --- [    Test worker] trationDelegate$BeanPostProcessorChecker : Bean 'configurationPropertiesRebinderAutoConfiguration' of type [org.springframework.cloud.autoconfigure.ConfigurationPropertiesRebinderAutoConfiguration$$EnhancerBySpringCGLIB$$38a0bc49] is not eligible for getting processed by all BeanPostProcessors (for example: not eligible for auto-proxying)

  .   ____          _            __ _ _
 /\\ / ___'_ __ _ _(_)_ __  __ _ \ \ \ \
( ( )\___ | '_ | '_| | '_ \/ _` | \ \ \ \
 \\/  ___)| |_)| | | | | || (_| |  ) ) ) )
  '  |____| .__|_| |_|_| |_\__, | / / / /
 =========|_|==============|___/=/_/_/_/
 :: Spring Boot ::        (v1.5.2.RELEASE)

2017-08-23 22:46:53.091  INFO 11924 --- [    Test worker] o.s.boot.SpringApplication               : No active profile set, falling back to default profiles: default
2017-08-23 22:46:53.094  INFO 11924 --- [    Test worker] ationConfigEmbeddedWebApplicationContext : Refreshing org.springframework.boot.context.embedded.AnnotationConfigEmbeddedWebApplicationContext@26bfeb7f: startup date [Wed Aug 23 22:46:53 CST 2017]; parent: org.springframework.context.annotation.AnnotationConfigApplicationContext@3b31b9cd
2017-08-23 22:46:53.254  WARN 11924 --- [    Test worker] o.s.c.a.ConfigurationClassPostProcessor  : Cannot enhance @Configuration bean definition 'refreshScope' since its singleton instance has been created too early. The typical cause is a non-static @Bean method with a BeanDefinitionRegistryPostProcessor return type: Consider declaring such methods as 'static'.
2017-08-23 22:46:53.257  INFO 11924 --- [    Test worker] o.s.cloud.context.scope.GenericScope     : BeanFactory id=a3076071-30b5-3437-8524-dfda681a7b93
2017-08-23 22:46:53.268  INFO 11924 --- [    Test worker] f.a.AutowiredAnnotationBeanPostProcessor : JSR-330 'javax.inject.Inject' annotation found and supported for autowiring
2017-08-23 22:46:53.317  INFO 11924 --- [    Test worker] trationDelegate$BeanPostProcessorChecker : Bean 'org.springframework.cloud.autoconfigure.ConfigurationPropertiesRebinderAutoConfiguration' of type [org.springframework.cloud.autoconfigure.ConfigurationPropertiesRebinderAutoConfiguration$$EnhancerBySpringCGLIB$$38a0bc49] is not eligible for getting processed by all BeanPostProcessors (for example: not eligible for auto-proxying)
2017-08-23 22:46:53.373  INFO 11924 --- [    Test worker] s.b.c.e.t.TomcatEmbeddedServletContainer : Tomcat initialized with port(s): 9999 (http)
2017-08-23 22:46:53.374  INFO 11924 --- [    Test worker] o.apache.catalina.core.StandardService   : Starting service Tomcat
2017-08-23 22:46:53.375  INFO 11924 --- [    Test worker] org.apache.catalina.core.StandardEngine  : Starting Servlet Engine: Apache Tomcat/8.5.11
2017-08-23 22:46:53.381  INFO 11924 --- [ost-startStop-1] o.a.c.c.C.[Tomcat-3].[localhost].[/]     : Initializing Spring embedded WebApplicationContext
2017-08-23 22:46:53.381  INFO 11924 --- [ost-startStop-1] o.s.web.context.ContextLoader            : Root WebApplicationContext: initialization completed in 288 ms
2017-08-23 22:46:53.459  INFO 11924 --- [ost-startStop-1] o.s.b.w.servlet.ServletRegistrationBean  : Mapping servlet: 'dispatcherServlet' to [/]
2017-08-23 22:46:53.460  INFO 11924 --- [ost-startStop-1] o.s.b.w.servlet.FilterRegistrationBean   : Mapping filter: 'characterEncodingFilter' to: [/*]
2017-08-23 22:46:53.460  INFO 11924 --- [ost-startStop-1] o.s.b.w.servlet.FilterRegistrationBean   : Mapping filter: 'hiddenHttpMethodFilter' to: [/*]
2017-08-23 22:46:53.460  INFO 11924 --- [ost-startStop-1] o.s.b.w.servlet.FilterRegistrationBean   : Mapping filter: 'httpPutFormContentFilter' to: [/*]
2017-08-23 22:46:53.460  INFO 11924 --- [ost-startStop-1] o.s.b.w.servlet.FilterRegistrationBean   : Mapping filter: 'requestContextFilter' to: [/*]
2017-08-23 22:46:53.613  INFO 11924 --- [    Test worker] s.w.s.m.m.a.RequestMappingHandlerAdapter : Looking for @ControllerAdvice: org.springframework.boot.context.embedded.AnnotationConfigEmbeddedWebApplicationContext@26bfeb7f: startup date [Wed Aug 23 22:46:53 CST 2017]; parent: org.springframework.context.annotation.AnnotationConfigApplicationContext@3b31b9cd
2017-08-23 22:46:53.631  INFO 11924 --- [    Test worker] s.w.s.m.m.a.RequestMappingHandlerMapping : Mapped "{[/]}" onto public java.lang.String com.tiangaop.consumer.ApplicationTestCase$TestApplication.health()
2017-08-23 22:46:53.631  INFO 11924 --- [    Test worker] s.w.s.m.m.a.RequestMappingHandlerMapping : Mapped "{[/greeting]}" onto public java.lang.Integer com.tiangaop.consumer.ApplicationTestCase$TestApplication.greet()
2017-08-23 22:46:53.633  INFO 11924 --- [    Test worker] s.w.s.m.m.a.RequestMappingHandlerMapping : Mapped "{[/error]}" onto public org.springframework.http.ResponseEntity<java.util.Map<java.lang.String, java.lang.Object>> org.springframework.boot.autoconfigure.web.BasicErrorController.error(javax.servlet.http.HttpServletRequest)
2017-08-23 22:46:53.633  INFO 11924 --- [    Test worker] s.w.s.m.m.a.RequestMappingHandlerMapping : Mapped "{[/error],produces=[text/html]}" onto public org.springframework.web.servlet.ModelAndView org.springframework.boot.autoconfigure.web.BasicErrorController.errorHtml(javax.servlet.http.HttpServletRequest,javax.servlet.http.HttpServletResponse)
2017-08-23 22:46:53.662  INFO 11924 --- [    Test worker] o.s.w.s.handler.SimpleUrlHandlerMapping  : Mapped URL path [/webjars/**] onto handler of type [class org.springframework.web.servlet.resource.ResourceHttpRequestHandler]
2017-08-23 22:46:53.662  INFO 11924 --- [    Test worker] o.s.w.s.handler.SimpleUrlHandlerMapping  : Mapped URL path [/**] onto handler of type [class org.springframework.web.servlet.resource.ResourceHttpRequestHandler]
2017-08-23 22:46:53.705  INFO 11924 --- [    Test worker] o.s.w.s.handler.SimpleUrlHandlerMapping  : Mapped URL path [/**/favicon.ico] onto handler of type [class org.springframework.web.servlet.resource.ResourceHttpRequestHandler]
2017-08-23 22:46:53.812  WARN 11924 --- [    Test worker] o.s.c.n.a.ArchaiusAutoConfiguration      : Netflix ConfigurationManager has already been installed, unable to re-install
2017-08-23 22:46:53.940  INFO 11924 --- [    Test worker] s.b.c.e.t.TomcatEmbeddedServletContainer : Tomcat started on port(s): 9999 (http)
2017-08-23 22:46:53.942  INFO 11924 --- [    Test worker] o.s.boot.SpringApplication               : Started application in 1.02 seconds (JVM running for 8.526)
2017-08-23 22:46:54.075  INFO 11924 --- [o-auto-1-exec-1] o.a.c.c.C.[Tomcat].[localhost].[/]       : Initializing Spring FrameworkServlet 'dispatcherServlet'
2017-08-23 22:46:54.075  INFO 11924 --- [o-auto-1-exec-1] o.s.web.servlet.DispatcherServlet        : FrameworkServlet 'dispatcherServlet': initialization started
2017-08-23 22:46:54.090  INFO 11924 --- [o-auto-1-exec-1] o.s.web.servlet.DispatcherServlet        : FrameworkServlet 'dispatcherServlet': initialization completed in 14 ms
2017-08-23 22:46:54.126  INFO 11924 --- [o-auto-1-exec-1] s.c.a.AnnotationConfigApplicationContext : Refreshing org.springframework.context.annotation.AnnotationConfigApplicationContext@2e8d649c: startup date [Wed Aug 23 22:46:54 CST 2017]; parent: org.springframework.boot.context.embedded.AnnotationConfigEmbeddedWebApplicationContext@417948ca
2017-08-23 22:46:54.168  INFO 11924 --- [o-auto-1-exec-1] f.a.AutowiredAnnotationBeanPostProcessor : JSR-330 'javax.inject.Inject' annotation found and supported for autowiring
2017-08-23 22:46:54.370  INFO 11924 --- [o-auto-1-exec-1] c.n.u.concurrent.ShutdownEnabledTimer    : Shutdown hook installed for: NFLoadBalancer-PingTimer-service-provider
2017-08-23 22:46:54.402  INFO 11924 --- [o-auto-1-exec-1] c.netflix.loadbalancer.BaseLoadBalancer  : Client:service-provider instantiated a LoadBalancer:DynamicServerListLoadBalancer:{NFLoadBalancer:name=service-provider,current list of Servers=[],Load balancer stats=Zone stats: {},Server stats: []}ServerList:null
2017-08-23 22:46:54.408  INFO 11924 --- [o-auto-1-exec-1] c.n.l.DynamicServerListLoadBalancer      : Using serverListUpdater PollingServerListUpdater
2017-08-23 22:46:54.429  INFO 11924 --- [o-auto-1-exec-1] c.netflix.config.ChainedDynamicProperty  : Flipping property: service-provider.ribbon.ActiveConnectionsLimit to use NEXT property: niws.loadbalancer.availabilityFilteringRule.activeConnectionsLimit = 2147483647
2017-08-23 22:46:54.486  INFO 11924 --- [nio-8090-exec-1] o.a.c.c.C.[Tomcat-1].[localhost].[/]     : Initializing Spring FrameworkServlet 'dispatcherServlet'
2017-08-23 22:46:54.487  INFO 11924 --- [nio-8090-exec-1] o.s.web.servlet.DispatcherServlet        : FrameworkServlet 'dispatcherServlet': initialization started
2017-08-23 22:46:54.494  INFO 11924 --- [nio-8090-exec-1] o.s.web.servlet.DispatcherServlet        : FrameworkServlet 'dispatcherServlet': initialization completed in 7 ms
2017-08-23 22:46:54.527  INFO 11924 --- [nio-9092-exec-1] o.a.c.c.C.[Tomcat-2].[localhost].[/]     : Initializing Spring FrameworkServlet 'dispatcherServlet'
2017-08-23 22:46:54.527  INFO 11924 --- [nio-9092-exec-1] o.s.web.servlet.DispatcherServlet        : FrameworkServlet 'dispatcherServlet': initialization started
2017-08-23 22:46:54.529  INFO 11924 --- [nio-9092-exec-1] o.s.web.servlet.DispatcherServlet        : FrameworkServlet 'dispatcherServlet': initialization completed in 1 ms
2017-08-23 22:46:54.538  INFO 11924 --- [nio-9999-exec-1] o.a.c.c.C.[Tomcat-3].[localhost].[/]     : Initializing Spring FrameworkServlet 'dispatcherServlet'
2017-08-23 22:46:54.538  INFO 11924 --- [nio-9999-exec-1] o.s.web.servlet.DispatcherServlet        : FrameworkServlet 'dispatcherServlet': initialization started
2017-08-23 22:46:54.540  INFO 11924 --- [nio-9999-exec-1] o.s.web.servlet.DispatcherServlet        : FrameworkServlet 'dispatcherServlet': initialization completed in 2 ms
2017-08-23 22:46:54.544  INFO 11924 --- [o-auto-1-exec-1] c.n.l.DynamicServerListLoadBalancer      : DynamicServerListLoadBalancer for client service-provider initialized: DynamicServerListLoadBalancer:{NFLoadBalancer:name=service-provider,current list of Servers=[localhost:8090, localhost:9092, localhost:9999],Load balancer stats=Zone stats: {unknown=[Zone:unknown;	Instance count:3;	Active connections count: 0;	Circuit breaker tripped count: 0;	Active connections per server: 0.0;]
},Server stats: [[Server:localhost:8090;	Zone:UNKNOWN;	Total Requests:0;	Successive connection failure:0;	Total blackout seconds:0;	Last connection made:Thu Jan 01 08:00:00 CST 1970;	First connection made: Thu Jan 01 08:00:00 CST 1970;	Active Connections:0;	total failure count in last (1000) msecs:0;	average resp time:0.0;	90 percentile resp time:0.0;	95 percentile resp time:0.0;	min resp time:0.0;	max resp time:0.0;	stddev resp time:0.0]
, [Server:localhost:9092;	Zone:UNKNOWN;	Total Requests:0;	Successive connection failure:0;	Total blackout seconds:0;	Last connection made:Thu Jan 01 08:00:00 CST 1970;	First connection made: Thu Jan 01 08:00:00 CST 1970;	Active Connections:0;	total failure count in last (1000) msecs:0;	average resp time:0.0;	90 percentile resp time:0.0;	95 percentile resp time:0.0;	min resp time:0.0;	max resp time:0.0;	stddev resp time:0.0]
, [Server:localhost:9999;	Zone:UNKNOWN;	Total Requests:0;	Successive connection failure:0;	Total blackout seconds:0;	Last connection made:Thu Jan 01 08:00:00 CST 1970;	First connection made: Thu Jan 01 08:00:00 CST 1970;	Active Connections:0;	total failure count in last (1000) msecs:0;	average resp time:0.0;	90 percentile resp time:0.0;	95 percentile resp time:0.0;	min resp time:0.0;	max resp time:0.0;	stddev resp time:0.0]
]}ServerList:com.netflix.loadbalancer.ConfigurationBasedServerList@749d985d
2017-08-23 22:46:54.731  INFO 11924 --- [    Test worker] ationConfigEmbeddedWebApplicationContext : Closing org.springframework.boot.context.embedded.AnnotationConfigEmbeddedWebApplicationContext@6e4affc4: startup date [Wed Aug 23 22:46:50 CST 2017]; parent: org.springframework.context.annotation.AnnotationConfigApplicationContext@2b842c60
2017-08-23 22:46:54.790  INFO 11924 --- [    Test worker] o.apache.catalina.core.StandardService   : Stopping service Tomcat
2017-08-23 22:46:54.792  INFO 11924 --- [ost-startStop-1] o.a.c.c.C.[Tomcat-1].[localhost].[/]     : Destroying Spring FrameworkServlet 'dispatcherServlet'
2017-08-23 22:46:54.803  INFO 11924 --- [    Test worker] ationConfigEmbeddedWebApplicationContext : Closing org.springframework.boot.context.embedded.AnnotationConfigEmbeddedWebApplicationContext@5824d7c7: startup date [Wed Aug 23 22:46:52 CST 2017]; parent: org.springframework.context.annotation.AnnotationConfigApplicationContext@36cb7e06
2017-08-23 22:46:54.857  INFO 11924 --- [    Test worker] o.apache.catalina.core.StandardService   : Stopping service Tomcat
2017-08-23 22:46:54.858  INFO 11924 --- [ost-startStop-1] o.a.c.c.C.[Tomcat-2].[localhost].[/]     : Destroying Spring FrameworkServlet 'dispatcherServlet'
2017-08-23 22:46:54.863  INFO 11924 --- [    Test worker] ationConfigEmbeddedWebApplicationContext : Closing org.springframework.boot.context.embedded.AnnotationConfigEmbeddedWebApplicationContext@26bfeb7f: startup date [Wed Aug 23 22:46:53 CST 2017]; parent: org.springframework.context.annotation.AnnotationConfigApplicationContext@3b31b9cd
2017-08-23 22:46:54.918  INFO 11924 --- [    Test worker] o.apache.catalina.core.StandardService   : Stopping service Tomcat
2017-08-23 22:46:54.919  INFO 11924 --- [ost-startStop-1] o.a.c.c.C.[Tomcat-3].[localhost].[/]     : Destroying Spring FrameworkServlet 'dispatcherServlet'
]]></system-out>
  <system-err><![CDATA[]]></system-err>
</testsuite>
