<?xml version="1.0" encoding="UTF-8"?>
<testsuite name="com.tiangaop.consumer.ConsumerApplicationTestCase" tests="1" skipped="0" failures="0" errors="0" timestamp="2017-08-23T15:00:29" hostname="Jesse-2.local" time="4.33">
  <properties/>
  <testcase name="shouldRoundRobinOverInstancesWhenCallingServicesViaRibbon" classname="com.tiangaop.consumer.ConsumerApplicationTestCase" time="4.33"/>
  <system-out><![CDATA[23:00:25.365 [Test worker] DEBUG org.springframework.test.context.junit4.SpringJUnit4ClassRunner - SpringJUnit4ClassRunner constructor called with [class com.tiangaop.consumer.ConsumerApplicationTestCase]
23:00:25.379 [Test worker] DEBUG org.springframework.test.context.BootstrapUtils - Instantiating CacheAwareContextLoaderDelegate from class [org.springframework.test.context.cache.DefaultCacheAwareContextLoaderDelegate]
23:00:25.389 [Test worker] DEBUG org.springframework.test.context.BootstrapUtils - Instantiating BootstrapContext using constructor [public org.springframework.test.context.support.DefaultBootstrapContext(java.lang.Class,org.springframework.test.context.CacheAwareContextLoaderDelegate)]
23:00:25.402 [Test worker] DEBUG org.springframework.test.context.BootstrapUtils - Instantiating TestContextBootstrapper for test class [com.tiangaop.consumer.ConsumerApplicationTestCase] from class [org.springframework.boot.test.context.SpringBootTestContextBootstrapper]
23:00:25.415 [Test worker] INFO org.springframework.boot.test.context.SpringBootTestContextBootstrapper - Neither @ContextConfiguration nor @ContextHierarchy found for test class [com.tiangaop.consumer.ConsumerApplicationTestCase], using SpringBootContextLoader
23:00:25.418 [Test worker] DEBUG org.springframework.test.context.support.AbstractContextLoader - Did not detect default resource location for test class [com.tiangaop.consumer.ConsumerApplicationTestCase]: class path resource [com/tiangaop/consumer/ConsumerApplicationTestCase-context.xml] does not exist
23:00:25.419 [Test worker] DEBUG org.springframework.test.context.support.AbstractContextLoader - Did not detect default resource location for test class [com.tiangaop.consumer.ConsumerApplicationTestCase]: class path resource [com/tiangaop/consumer/ConsumerApplicationTestCaseContext.groovy] does not exist
23:00:25.419 [Test worker] INFO org.springframework.test.context.support.AbstractContextLoader - Could not detect default resource locations for test class [com.tiangaop.consumer.ConsumerApplicationTestCase]: no resource found for suffixes {-context.xml, Context.groovy}.
23:00:25.467 [Test worker] DEBUG org.springframework.test.context.support.ActiveProfilesUtils - Could not find an 'annotation declaring class' for annotation type [org.springframework.test.context.ActiveProfiles] and class [com.tiangaop.consumer.ConsumerApplicationTestCase]
23:00:25.495 [Test worker] DEBUG org.springframework.boot.test.context.SpringBootTestContextBootstrapper - @TestExecutionListeners is not present for class [com.tiangaop.consumer.ConsumerApplicationTestCase]: using defaults.
23:00:25.499 [Test worker] INFO org.springframework.boot.test.context.SpringBootTestContextBootstrapper - Loaded default TestExecutionListener class names from location [META-INF/spring.factories]: [org.springframework.boot.test.mock.mockito.MockitoTestExecutionListener, org.springframework.boot.test.mock.mockito.ResetMocksTestExecutionListener, org.springframework.boot.test.autoconfigure.restdocs.RestDocsTestExecutionListener, org.springframework.boot.test.autoconfigure.web.client.MockRestServiceServerResetTestExecutionListener, org.springframework.boot.test.autoconfigure.web.servlet.MockMvcPrintOnlyOnFailureTestExecutionListener, org.springframework.boot.test.autoconfigure.web.servlet.WebDriverTestExecutionListener, org.springframework.test.context.web.ServletTestExecutionListener, org.springframework.test.context.support.DirtiesContextBeforeModesTestExecutionListener, org.springframework.test.context.support.DependencyInjectionTestExecutionListener, org.springframework.test.context.support.DirtiesContextTestExecutionListener, org.springframework.test.context.transaction.TransactionalTestExecutionListener, org.springframework.test.context.jdbc.SqlScriptsTestExecutionListener]
23:00:25.514 [Test worker] INFO org.springframework.boot.test.context.SpringBootTestContextBootstrapper - Could not instantiate TestExecutionListener [org.springframework.test.context.jdbc.SqlScriptsTestExecutionListener]. Specify custom listener classes or make the default listener classes (and their required dependencies) available. Offending class: [org/springframework/transaction/interceptor/TransactionAttribute]
23:00:25.514 [Test worker] INFO org.springframework.boot.test.context.SpringBootTestContextBootstrapper - Could not instantiate TestExecutionListener [org.springframework.test.context.transaction.TransactionalTestExecutionListener]. Specify custom listener classes or make the default listener classes (and their required dependencies) available. Offending class: [org/springframework/transaction/interceptor/TransactionAttributeSource]
23:00:25.515 [Test worker] INFO org.springframework.boot.test.context.SpringBootTestContextBootstrapper - Using TestExecutionListeners: [org.springframework.test.context.web.ServletTestExecutionListener@4ac8ab8e, org.springframework.test.context.support.DirtiesContextBeforeModesTestExecutionListener@ecdf19f, org.springframework.boot.test.autoconfigure.SpringBootDependencyInjectionTestExecutionListener@4691892b, org.springframework.test.context.support.DirtiesContextTestExecutionListener@7f342d95, org.springframework.boot.test.autoconfigure.web.servlet.WebDriverTestExecutionListener@702f6d26, org.springframework.boot.test.mock.mockito.ResetMocksTestExecutionListener@118f3bb5, org.springframework.boot.test.autoconfigure.web.client.MockRestServiceServerResetTestExecutionListener@5b9d307e, org.springframework.boot.test.autoconfigure.web.servlet.MockMvcPrintOnlyOnFailureTestExecutionListener@51bf61d, org.springframework.boot.test.autoconfigure.restdocs.RestDocsTestExecutionListener@ed6edc5, org.springframework.boot.test.mock.mockito.MockitoTestExecutionListener@66ec3d39]
23:00:25.519 [Test worker] DEBUG org.springframework.test.annotation.ProfileValueUtils - Retrieved @ProfileValueSourceConfiguration [null] for test class [com.tiangaop.consumer.ConsumerApplicationTestCase]
23:00:25.519 [Test worker] DEBUG org.springframework.test.annotation.ProfileValueUtils - Retrieved ProfileValueSource type [class org.springframework.test.annotation.SystemProfileValueSource] for class [com.tiangaop.consumer.ConsumerApplicationTestCase]
23:00:25.520 [Test worker] DEBUG org.springframework.test.annotation.ProfileValueUtils - Retrieved @ProfileValueSourceConfiguration [null] for test class [com.tiangaop.consumer.ConsumerApplicationTestCase]
23:00:25.520 [Test worker] DEBUG org.springframework.test.annotation.ProfileValueUtils - Retrieved ProfileValueSource type [class org.springframework.test.annotation.SystemProfileValueSource] for class [com.tiangaop.consumer.ConsumerApplicationTestCase]
23:00:25.525 [Test worker] DEBUG org.springframework.test.context.support.AbstractDirtiesContextTestExecutionListener - Before test class: context [DefaultTestContext@ca37518 testClass = ConsumerApplicationTestCase, testInstance = [null], testMethod = [null], testException = [null], mergedContextConfiguration = [WebMergedContextConfiguration@34de3d77 testClass = ConsumerApplicationTestCase, locations = '{}', classes = '{class com.tiangaop.consumer.Application, class com.tiangaop.consumer.Application}', contextInitializerClasses = '[]', activeProfiles = '{}', propertySourceLocations = '{}', propertySourceProperties = '{org.springframework.boot.test.context.SpringBootTestContextBootstrapper=true, server.port=0}', contextCustomizers = set[org.springframework.boot.test.context.SpringBootTestContextCustomizer@3cacde2, org.springframework.boot.test.context.filter.ExcludeFilterContextCustomizer@4f87fd96, org.springframework.boot.test.mock.mockito.MockitoContextCustomizer@0, org.springframework.boot.test.autoconfigure.properties.PropertyMappingContextCustomizer@0, org.springframework.boot.test.autoconfigure.web.servlet.WebDriverContextCustomizerFactory$Customizer@44216cf4], resourceBasePath = 'src/main/webapp', contextLoader = 'org.springframework.boot.test.context.SpringBootContextLoader', parent = [null]]], class annotated with @DirtiesContext [false] with mode [null].
23:00:25.525 [Test worker] DEBUG org.springframework.test.annotation.ProfileValueUtils - Retrieved @ProfileValueSourceConfiguration [null] for test class [com.tiangaop.consumer.ConsumerApplicationTestCase]
23:00:25.526 [Test worker] DEBUG org.springframework.test.annotation.ProfileValueUtils - Retrieved ProfileValueSource type [class org.springframework.test.annotation.SystemProfileValueSource] for class [com.tiangaop.consumer.ConsumerApplicationTestCase]
23:00:25.526 [Test worker] DEBUG org.springframework.test.context.support.DependencyInjectionTestExecutionListener - Performing dependency injection for test context [[DefaultTestContext@ca37518 testClass = ConsumerApplicationTestCase, testInstance = com.tiangaop.consumer.ConsumerApplicationTestCase@1dfbbcbf, testMethod = [null], testException = [null], mergedContextConfiguration = [WebMergedContextConfiguration@34de3d77 testClass = ConsumerApplicationTestCase, locations = '{}', classes = '{class com.tiangaop.consumer.Application, class com.tiangaop.consumer.Application}', contextInitializerClasses = '[]', activeProfiles = '{}', propertySourceLocations = '{}', propertySourceProperties = '{org.springframework.boot.test.context.SpringBootTestContextBootstrapper=true, server.port=0}', contextCustomizers = set[org.springframework.boot.test.context.SpringBootTestContextCustomizer@3cacde2, org.springframework.boot.test.context.filter.ExcludeFilterContextCustomizer@4f87fd96, org.springframework.boot.test.mock.mockito.MockitoContextCustomizer@0, org.springframework.boot.test.autoconfigure.properties.PropertyMappingContextCustomizer@0, org.springframework.boot.test.autoconfigure.web.servlet.WebDriverContextCustomizerFactory$Customizer@44216cf4], resourceBasePath = 'src/main/webapp', contextLoader = 'org.springframework.boot.test.context.SpringBootContextLoader', parent = [null]]]].
23:00:25.593 [Test worker] DEBUG org.springframework.core.env.StandardEnvironment - Adding [systemProperties] PropertySource with lowest search precedence
23:00:25.594 [Test worker] DEBUG org.springframework.core.env.StandardEnvironment - Adding [systemEnvironment] PropertySource with lowest search precedence
23:00:25.594 [Test worker] DEBUG org.springframework.core.env.StandardEnvironment - Initialized StandardEnvironment with PropertySources [systemProperties,systemEnvironment]
23:00:25.596 [Test worker] DEBUG org.springframework.test.context.support.TestPropertySourceUtils - Adding inlined properties to environment: {spring.jmx.enabled=false, org.springframework.boot.test.context.SpringBootTestContextBootstrapper=true, server.port=0}
23:00:25.596 [Test worker] DEBUG org.springframework.core.env.StandardEnvironment - Adding [Inlined Test Properties] PropertySource with highest search precedence
2017-08-23 23:00:26.100  INFO 11966 --- [    Test worker] s.c.a.AnnotationConfigApplicationContext : Refreshing org.springframework.context.annotation.AnnotationConfigApplicationContext@55e55bf: startup date [Wed Aug 23 23:00:26 CST 2017]; root of context hierarchy
2017-08-23 23:00:26.515  INFO 11966 --- [    Test worker] f.a.AutowiredAnnotationBeanPostProcessor : JSR-330 'javax.inject.Inject' annotation found and supported for autowiring
2017-08-23 23:00:26.636  INFO 11966 --- [    Test worker] trationDelegate$BeanPostProcessorChecker : Bean 'configurationPropertiesRebinderAutoConfiguration' of type [org.springframework.cloud.autoconfigure.ConfigurationPropertiesRebinderAutoConfiguration$$EnhancerBySpringCGLIB$$90b6edcf] is not eligible for getting processed by all BeanPostProcessors (for example: not eligible for auto-proxying)

  .   ____          _            __ _ _
 /\\ / ___'_ __ _ _(_)_ __  __ _ \ \ \ \
( ( )\___ | '_ | '_| | '_ \/ _` | \ \ \ \
 \\/  ___)| |_)| | | | | || (_| |  ) ) ) )
  '  |____| .__|_| |_|_| |_\__, | / / / /
 =========|_|==============|___/=/_/_/_/
 :: Spring Boot ::        (v1.5.2.RELEASE)

2017-08-23 23:00:27.203  INFO 11966 --- [    Test worker] c.t.c.ConsumerApplicationTestCase        : No active profile set, falling back to default profiles: default
2017-08-23 23:00:27.207  INFO 11966 --- [    Test worker] ationConfigEmbeddedWebApplicationContext : Refreshing org.springframework.boot.context.embedded.AnnotationConfigEmbeddedWebApplicationContext@10352450: startup date [Wed Aug 23 23:00:27 CST 2017]; parent: org.springframework.context.annotation.AnnotationConfigApplicationContext@55e55bf
2017-08-23 23:00:27.792  WARN 11966 --- [    Test worker] o.s.c.a.ConfigurationClassPostProcessor  : Cannot enhance @Configuration bean definition 'refreshScope' since its singleton instance has been created too early. The typical cause is a non-static @Bean method with a BeanDefinitionRegistryPostProcessor return type: Consider declaring such methods as 'static'.
2017-08-23 23:00:27.927  INFO 11966 --- [    Test worker] o.s.cloud.context.scope.GenericScope     : BeanFactory id=376b4501-bf86-39c6-bca6-2cfd7365641d
2017-08-23 23:00:27.986  INFO 11966 --- [    Test worker] f.a.AutowiredAnnotationBeanPostProcessor : JSR-330 'javax.inject.Inject' annotation found and supported for autowiring
2017-08-23 23:00:28.069  INFO 11966 --- [    Test worker] trationDelegate$BeanPostProcessorChecker : Bean 'org.springframework.cloud.autoconfigure.ConfigurationPropertiesRebinderAutoConfiguration' of type [org.springframework.cloud.autoconfigure.ConfigurationPropertiesRebinderAutoConfiguration$$EnhancerBySpringCGLIB$$90b6edcf] is not eligible for getting processed by all BeanPostProcessors (for example: not eligible for auto-proxying)
2017-08-23 23:00:28.323  INFO 11966 --- [    Test worker] s.b.c.e.t.TomcatEmbeddedServletContainer : Tomcat initialized with port(s): 0 (http)
2017-08-23 23:00:28.333  INFO 11966 --- [    Test worker] o.apache.catalina.core.StandardService   : Starting service Tomcat
2017-08-23 23:00:28.335  INFO 11966 --- [    Test worker] org.apache.catalina.core.StandardEngine  : Starting Servlet Engine: Apache Tomcat/8.5.11
2017-08-23 23:00:28.462  INFO 11966 --- [ost-startStop-1] o.a.c.c.C.[Tomcat].[localhost].[/]       : Initializing Spring embedded WebApplicationContext
2017-08-23 23:00:28.463  INFO 11966 --- [ost-startStop-1] o.s.web.context.ContextLoader            : Root WebApplicationContext: initialization completed in 1256 ms
2017-08-23 23:00:28.625  INFO 11966 --- [ost-startStop-1] o.s.b.w.servlet.ServletRegistrationBean  : Mapping servlet: 'dispatcherServlet' to [/]
2017-08-23 23:00:28.630  INFO 11966 --- [ost-startStop-1] o.s.b.w.servlet.FilterRegistrationBean   : Mapping filter: 'characterEncodingFilter' to: [/*]
2017-08-23 23:00:28.631  INFO 11966 --- [ost-startStop-1] o.s.b.w.servlet.FilterRegistrationBean   : Mapping filter: 'hiddenHttpMethodFilter' to: [/*]
2017-08-23 23:00:28.631  INFO 11966 --- [ost-startStop-1] o.s.b.w.servlet.FilterRegistrationBean   : Mapping filter: 'httpPutFormContentFilter' to: [/*]
2017-08-23 23:00:28.631  INFO 11966 --- [ost-startStop-1] o.s.b.w.servlet.FilterRegistrationBean   : Mapping filter: 'requestContextFilter' to: [/*]
2017-08-23 23:00:29.205  INFO 11966 --- [    Test worker] s.w.s.m.m.a.RequestMappingHandlerAdapter : Looking for @ControllerAdvice: org.springframework.boot.context.embedded.AnnotationConfigEmbeddedWebApplicationContext@10352450: startup date [Wed Aug 23 23:00:27 CST 2017]; parent: org.springframework.context.annotation.AnnotationConfigApplicationContext@55e55bf
2017-08-23 23:00:29.285  INFO 11966 --- [    Test worker] s.w.s.m.m.a.RequestMappingHandlerMapping : Mapped "{[/hi]}" onto public java.lang.String com.tiangaop.consumer.ConsumerController.hi(java.lang.String)
2017-08-23 23:00:29.289  INFO 11966 --- [    Test worker] s.w.s.m.m.a.RequestMappingHandlerMapping : Mapped "{[/error]}" onto public org.springframework.http.ResponseEntity<java.util.Map<java.lang.String, java.lang.Object>> org.springframework.boot.autoconfigure.web.BasicErrorController.error(javax.servlet.http.HttpServletRequest)
2017-08-23 23:00:29.289  INFO 11966 --- [    Test worker] s.w.s.m.m.a.RequestMappingHandlerMapping : Mapped "{[/error],produces=[text/html]}" onto public org.springframework.web.servlet.ModelAndView org.springframework.boot.autoconfigure.web.BasicErrorController.errorHtml(javax.servlet.http.HttpServletRequest,javax.servlet.http.HttpServletResponse)
2017-08-23 23:00:29.331  INFO 11966 --- [    Test worker] o.s.w.s.handler.SimpleUrlHandlerMapping  : Mapped URL path [/webjars/**] onto handler of type [class org.springframework.web.servlet.resource.ResourceHttpRequestHandler]
2017-08-23 23:00:29.331  INFO 11966 --- [    Test worker] o.s.w.s.handler.SimpleUrlHandlerMapping  : Mapped URL path [/**] onto handler of type [class org.springframework.web.servlet.resource.ResourceHttpRequestHandler]
2017-08-23 23:00:29.379  INFO 11966 --- [    Test worker] o.s.w.s.handler.SimpleUrlHandlerMapping  : Mapped URL path [/**/favicon.ico] onto handler of type [class org.springframework.web.servlet.resource.ResourceHttpRequestHandler]
2017-08-23 23:00:29.605  WARN 11966 --- [    Test worker] o.s.c.n.a.ArchaiusAutoConfiguration      : No spring.application.name found, defaulting to 'application'
2017-08-23 23:00:29.611  WARN 11966 --- [    Test worker] c.n.c.sources.URLConfigurationSource     : No URLs will be polled as dynamic configuration sources.
2017-08-23 23:00:29.611  INFO 11966 --- [    Test worker] c.n.c.sources.URLConfigurationSource     : To enable URLs as dynamic configuration sources, define System property archaius.configurationSource.additionalUrls or make config.properties available on classpath.
2017-08-23 23:00:29.619  WARN 11966 --- [    Test worker] c.n.c.sources.URLConfigurationSource     : No URLs will be polled as dynamic configuration sources.
2017-08-23 23:00:29.619  INFO 11966 --- [    Test worker] c.n.c.sources.URLConfigurationSource     : To enable URLs as dynamic configuration sources, define System property archaius.configurationSource.additionalUrls or make config.properties available on classpath.
2017-08-23 23:00:29.985  INFO 11966 --- [    Test worker] s.b.c.e.t.TomcatEmbeddedServletContainer : Tomcat started on port(s): 60351 (http)
2017-08-23 23:00:29.990  INFO 11966 --- [    Test worker] c.t.c.ConsumerApplicationTestCase        : Started ConsumerApplicationTestCase in 4.389 seconds (JVM running for 5.255)
2017-08-23 23:00:30.102  INFO 11966 --- [    Test worker] s.c.a.AnnotationConfigApplicationContext : Refreshing org.springframework.context.annotation.AnnotationConfigApplicationContext@78df3ff9: startup date [Wed Aug 23 23:00:30 CST 2017]; root of context hierarchy
2017-08-23 23:00:30.125  INFO 11966 --- [    Test worker] f.a.AutowiredAnnotationBeanPostProcessor : JSR-330 'javax.inject.Inject' annotation found and supported for autowiring
2017-08-23 23:00:30.147  INFO 11966 --- [    Test worker] trationDelegate$BeanPostProcessorChecker : Bean 'configurationPropertiesRebinderAutoConfiguration' of type [org.springframework.cloud.autoconfigure.ConfigurationPropertiesRebinderAutoConfiguration$$EnhancerBySpringCGLIB$$90b6edcf] is not eligible for getting processed by all BeanPostProcessors (for example: not eligible for auto-proxying)

  .   ____          _            __ _ _
 /\\ / ___'_ __ _ _(_)_ __  __ _ \ \ \ \
( ( )\___ | '_ | '_| | '_ \/ _` | \ \ \ \
 \\/  ___)| |_)| | | | | || (_| |  ) ) ) )
  '  |____| .__|_| |_|_| |_\__, | / / / /
 =========|_|==============|___/=/_/_/_/
 :: Spring Boot ::        (v1.5.2.RELEASE)

2017-08-23 23:00:30.239  INFO 11966 --- [    Test worker] o.s.boot.SpringApplication               : No active profile set, falling back to default profiles: default
2017-08-23 23:00:30.241  INFO 11966 --- [    Test worker] ationConfigEmbeddedWebApplicationContext : Refreshing org.springframework.boot.context.embedded.AnnotationConfigEmbeddedWebApplicationContext@4af9484e: startup date [Wed Aug 23 23:00:30 CST 2017]; parent: org.springframework.context.annotation.AnnotationConfigApplicationContext@78df3ff9
2017-08-23 23:00:30.426  WARN 11966 --- [    Test worker] o.s.c.a.ConfigurationClassPostProcessor  : Cannot enhance @Configuration bean definition 'refreshScope' since its singleton instance has been created too early. The typical cause is a non-static @Bean method with a BeanDefinitionRegistryPostProcessor return type: Consider declaring such methods as 'static'.
2017-08-23 23:00:30.430  INFO 11966 --- [    Test worker] o.s.cloud.context.scope.GenericScope     : BeanFactory id=0ec97770-bd34-3042-b9ce-2717385c6e76
2017-08-23 23:00:30.444  INFO 11966 --- [    Test worker] f.a.AutowiredAnnotationBeanPostProcessor : JSR-330 'javax.inject.Inject' annotation found and supported for autowiring
2017-08-23 23:00:30.504  INFO 11966 --- [    Test worker] trationDelegate$BeanPostProcessorChecker : Bean 'org.springframework.cloud.autoconfigure.ConfigurationPropertiesRebinderAutoConfiguration' of type [org.springframework.cloud.autoconfigure.ConfigurationPropertiesRebinderAutoConfiguration$$EnhancerBySpringCGLIB$$90b6edcf] is not eligible for getting processed by all BeanPostProcessors (for example: not eligible for auto-proxying)
2017-08-23 23:00:30.579  INFO 11966 --- [    Test worker] s.b.c.e.t.TomcatEmbeddedServletContainer : Tomcat initialized with port(s): 8090 (http)
2017-08-23 23:00:30.579  INFO 11966 --- [    Test worker] o.apache.catalina.core.StandardService   : Starting service Tomcat
2017-08-23 23:00:30.580  INFO 11966 --- [    Test worker] org.apache.catalina.core.StandardEngine  : Starting Servlet Engine: Apache Tomcat/8.5.11
2017-08-23 23:00:30.586  INFO 11966 --- [ost-startStop-1] o.a.c.c.C.[Tomcat-1].[localhost].[/]     : Initializing Spring embedded WebApplicationContext
2017-08-23 23:00:30.586  INFO 11966 --- [ost-startStop-1] o.s.web.context.ContextLoader            : Root WebApplicationContext: initialization completed in 345 ms
2017-08-23 23:00:30.686  INFO 11966 --- [ost-startStop-1] o.s.b.w.servlet.ServletRegistrationBean  : Mapping servlet: 'dispatcherServlet' to [/]
2017-08-23 23:00:30.687  INFO 11966 --- [ost-startStop-1] o.s.b.w.servlet.FilterRegistrationBean   : Mapping filter: 'characterEncodingFilter' to: [/*]
2017-08-23 23:00:30.688  INFO 11966 --- [ost-startStop-1] o.s.b.w.servlet.FilterRegistrationBean   : Mapping filter: 'hiddenHttpMethodFilter' to: [/*]
2017-08-23 23:00:30.688  INFO 11966 --- [ost-startStop-1] o.s.b.w.servlet.FilterRegistrationBean   : Mapping filter: 'httpPutFormContentFilter' to: [/*]
2017-08-23 23:00:30.688  INFO 11966 --- [ost-startStop-1] o.s.b.w.servlet.FilterRegistrationBean   : Mapping filter: 'requestContextFilter' to: [/*]
2017-08-23 23:00:30.881  INFO 11966 --- [    Test worker] s.w.s.m.m.a.RequestMappingHandlerAdapter : Looking for @ControllerAdvice: org.springframework.boot.context.embedded.AnnotationConfigEmbeddedWebApplicationContext@4af9484e: startup date [Wed Aug 23 23:00:30 CST 2017]; parent: org.springframework.context.annotation.AnnotationConfigApplicationContext@78df3ff9
2017-08-23 23:00:30.898  INFO 11966 --- [    Test worker] s.w.s.m.m.a.RequestMappingHandlerMapping : Mapped "{[/hello]}" onto public java.lang.Integer com.tiangaop.consumer.ConsumerApplicationTestCase$TestApplication.greet()
2017-08-23 23:00:30.898  INFO 11966 --- [    Test worker] s.w.s.m.m.a.RequestMappingHandlerMapping : Mapped "{[/]}" onto public java.lang.String com.tiangaop.consumer.ConsumerApplicationTestCase$TestApplication.health()
2017-08-23 23:00:30.900  INFO 11966 --- [    Test worker] s.w.s.m.m.a.RequestMappingHandlerMapping : Mapped "{[/error]}" onto public org.springframework.http.ResponseEntity<java.util.Map<java.lang.String, java.lang.Object>> org.springframework.boot.autoconfigure.web.BasicErrorController.error(javax.servlet.http.HttpServletRequest)
2017-08-23 23:00:30.900  INFO 11966 --- [    Test worker] s.w.s.m.m.a.RequestMappingHandlerMapping : Mapped "{[/error],produces=[text/html]}" onto public org.springframework.web.servlet.ModelAndView org.springframework.boot.autoconfigure.web.BasicErrorController.errorHtml(javax.servlet.http.HttpServletRequest,javax.servlet.http.HttpServletResponse)
2017-08-23 23:00:30.926  INFO 11966 --- [    Test worker] o.s.w.s.handler.SimpleUrlHandlerMapping  : Mapped URL path [/webjars/**] onto handler of type [class org.springframework.web.servlet.resource.ResourceHttpRequestHandler]
2017-08-23 23:00:30.926  INFO 11966 --- [    Test worker] o.s.w.s.handler.SimpleUrlHandlerMapping  : Mapped URL path [/**] onto handler of type [class org.springframework.web.servlet.resource.ResourceHttpRequestHandler]
2017-08-23 23:00:30.961  INFO 11966 --- [    Test worker] o.s.w.s.handler.SimpleUrlHandlerMapping  : Mapped URL path [/**/favicon.ico] onto handler of type [class org.springframework.web.servlet.resource.ResourceHttpRequestHandler]
2017-08-23 23:00:31.086  WARN 11966 --- [    Test worker] o.s.c.n.a.ArchaiusAutoConfiguration      : Netflix ConfigurationManager has already been installed, unable to re-install
2017-08-23 23:00:31.218  INFO 11966 --- [    Test worker] s.b.c.e.t.TomcatEmbeddedServletContainer : Tomcat started on port(s): 8090 (http)
2017-08-23 23:00:31.220  INFO 11966 --- [    Test worker] o.s.boot.SpringApplication               : Started application in 1.175 seconds (JVM running for 6.486)
2017-08-23 23:00:31.266  INFO 11966 --- [    Test worker] s.c.a.AnnotationConfigApplicationContext : Refreshing org.springframework.context.annotation.AnnotationConfigApplicationContext@44d5fc9a: startup date [Wed Aug 23 23:00:31 CST 2017]; root of context hierarchy
2017-08-23 23:00:31.289  INFO 11966 --- [    Test worker] f.a.AutowiredAnnotationBeanPostProcessor : JSR-330 'javax.inject.Inject' annotation found and supported for autowiring
2017-08-23 23:00:31.311  INFO 11966 --- [    Test worker] trationDelegate$BeanPostProcessorChecker : Bean 'configurationPropertiesRebinderAutoConfiguration' of type [org.springframework.cloud.autoconfigure.ConfigurationPropertiesRebinderAutoConfiguration$$EnhancerBySpringCGLIB$$90b6edcf] is not eligible for getting processed by all BeanPostProcessors (for example: not eligible for auto-proxying)

  .   ____          _            __ _ _
 /\\ / ___'_ __ _ _(_)_ __  __ _ \ \ \ \
( ( )\___ | '_ | '_| | '_ \/ _` | \ \ \ \
 \\/  ___)| |_)| | | | | || (_| |  ) ) ) )
  '  |____| .__|_| |_|_| |_\__, | / / / /
 =========|_|==============|___/=/_/_/_/
 :: Spring Boot ::        (v1.5.2.RELEASE)

2017-08-23 23:00:31.401  INFO 11966 --- [    Test worker] o.s.boot.SpringApplication               : No active profile set, falling back to default profiles: default
2017-08-23 23:00:31.403  INFO 11966 --- [    Test worker] ationConfigEmbeddedWebApplicationContext : Refreshing org.springframework.boot.context.embedded.AnnotationConfigEmbeddedWebApplicationContext@dc2465b: startup date [Wed Aug 23 23:00:31 CST 2017]; parent: org.springframework.context.annotation.AnnotationConfigApplicationContext@44d5fc9a
2017-08-23 23:00:31.582  WARN 11966 --- [    Test worker] o.s.c.a.ConfigurationClassPostProcessor  : Cannot enhance @Configuration bean definition 'refreshScope' since its singleton instance has been created too early. The typical cause is a non-static @Bean method with a BeanDefinitionRegistryPostProcessor return type: Consider declaring such methods as 'static'.
2017-08-23 23:00:31.584  INFO 11966 --- [    Test worker] o.s.cloud.context.scope.GenericScope     : BeanFactory id=0ec97770-bd34-3042-b9ce-2717385c6e76
2017-08-23 23:00:31.599  INFO 11966 --- [    Test worker] f.a.AutowiredAnnotationBeanPostProcessor : JSR-330 'javax.inject.Inject' annotation found and supported for autowiring
2017-08-23 23:00:31.658  INFO 11966 --- [    Test worker] trationDelegate$BeanPostProcessorChecker : Bean 'org.springframework.cloud.autoconfigure.ConfigurationPropertiesRebinderAutoConfiguration' of type [org.springframework.cloud.autoconfigure.ConfigurationPropertiesRebinderAutoConfiguration$$EnhancerBySpringCGLIB$$90b6edcf] is not eligible for getting processed by all BeanPostProcessors (for example: not eligible for auto-proxying)
2017-08-23 23:00:31.738  INFO 11966 --- [    Test worker] s.b.c.e.t.TomcatEmbeddedServletContainer : Tomcat initialized with port(s): 9092 (http)
2017-08-23 23:00:31.739  INFO 11966 --- [    Test worker] o.apache.catalina.core.StandardService   : Starting service Tomcat
2017-08-23 23:00:31.739  INFO 11966 --- [    Test worker] org.apache.catalina.core.StandardEngine  : Starting Servlet Engine: Apache Tomcat/8.5.11
2017-08-23 23:00:31.746  INFO 11966 --- [ost-startStop-1] o.a.c.c.C.[Tomcat-2].[localhost].[/]     : Initializing Spring embedded WebApplicationContext
2017-08-23 23:00:31.746  INFO 11966 --- [ost-startStop-1] o.s.web.context.ContextLoader            : Root WebApplicationContext: initialization completed in 343 ms
2017-08-23 23:00:31.847  INFO 11966 --- [ost-startStop-1] o.s.b.w.servlet.ServletRegistrationBean  : Mapping servlet: 'dispatcherServlet' to [/]
2017-08-23 23:00:31.848  INFO 11966 --- [ost-startStop-1] o.s.b.w.servlet.FilterRegistrationBean   : Mapping filter: 'characterEncodingFilter' to: [/*]
2017-08-23 23:00:31.849  INFO 11966 --- [ost-startStop-1] o.s.b.w.servlet.FilterRegistrationBean   : Mapping filter: 'hiddenHttpMethodFilter' to: [/*]
2017-08-23 23:00:31.849  INFO 11966 --- [ost-startStop-1] o.s.b.w.servlet.FilterRegistrationBean   : Mapping filter: 'httpPutFormContentFilter' to: [/*]
2017-08-23 23:00:31.849  INFO 11966 --- [ost-startStop-1] o.s.b.w.servlet.FilterRegistrationBean   : Mapping filter: 'requestContextFilter' to: [/*]
2017-08-23 23:00:32.017  INFO 11966 --- [    Test worker] s.w.s.m.m.a.RequestMappingHandlerAdapter : Looking for @ControllerAdvice: org.springframework.boot.context.embedded.AnnotationConfigEmbeddedWebApplicationContext@dc2465b: startup date [Wed Aug 23 23:00:31 CST 2017]; parent: org.springframework.context.annotation.AnnotationConfigApplicationContext@44d5fc9a
2017-08-23 23:00:32.038  INFO 11966 --- [    Test worker] s.w.s.m.m.a.RequestMappingHandlerMapping : Mapped "{[/hello]}" onto public java.lang.Integer com.tiangaop.consumer.ConsumerApplicationTestCase$TestApplication.greet()
2017-08-23 23:00:32.039  INFO 11966 --- [    Test worker] s.w.s.m.m.a.RequestMappingHandlerMapping : Mapped "{[/]}" onto public java.lang.String com.tiangaop.consumer.ConsumerApplicationTestCase$TestApplication.health()
2017-08-23 23:00:32.040  INFO 11966 --- [    Test worker] s.w.s.m.m.a.RequestMappingHandlerMapping : Mapped "{[/error]}" onto public org.springframework.http.ResponseEntity<java.util.Map<java.lang.String, java.lang.Object>> org.springframework.boot.autoconfigure.web.BasicErrorController.error(javax.servlet.http.HttpServletRequest)
2017-08-23 23:00:32.041  INFO 11966 --- [    Test worker] s.w.s.m.m.a.RequestMappingHandlerMapping : Mapped "{[/error],produces=[text/html]}" onto public org.springframework.web.servlet.ModelAndView org.springframework.boot.autoconfigure.web.BasicErrorController.errorHtml(javax.servlet.http.HttpServletRequest,javax.servlet.http.HttpServletResponse)
2017-08-23 23:00:32.069  INFO 11966 --- [    Test worker] o.s.w.s.handler.SimpleUrlHandlerMapping  : Mapped URL path [/webjars/**] onto handler of type [class org.springframework.web.servlet.resource.ResourceHttpRequestHandler]
2017-08-23 23:00:32.069  INFO 11966 --- [    Test worker] o.s.w.s.handler.SimpleUrlHandlerMapping  : Mapped URL path [/**] onto handler of type [class org.springframework.web.servlet.resource.ResourceHttpRequestHandler]
2017-08-23 23:00:32.104  INFO 11966 --- [    Test worker] o.s.w.s.handler.SimpleUrlHandlerMapping  : Mapped URL path [/**/favicon.ico] onto handler of type [class org.springframework.web.servlet.resource.ResourceHttpRequestHandler]
2017-08-23 23:00:32.222  WARN 11966 --- [    Test worker] o.s.c.n.a.ArchaiusAutoConfiguration      : Netflix ConfigurationManager has already been installed, unable to re-install
2017-08-23 23:00:32.347  INFO 11966 --- [    Test worker] s.b.c.e.t.TomcatEmbeddedServletContainer : Tomcat started on port(s): 9092 (http)
2017-08-23 23:00:32.349  INFO 11966 --- [    Test worker] o.s.boot.SpringApplication               : Started application in 1.125 seconds (JVM running for 7.615)
2017-08-23 23:00:32.390  INFO 11966 --- [    Test worker] s.c.a.AnnotationConfigApplicationContext : Refreshing org.springframework.context.annotation.AnnotationConfigApplicationContext@89d4c7b: startup date [Wed Aug 23 23:00:32 CST 2017]; root of context hierarchy
2017-08-23 23:00:32.411  INFO 11966 --- [    Test worker] f.a.AutowiredAnnotationBeanPostProcessor : JSR-330 'javax.inject.Inject' annotation found and supported for autowiring
2017-08-23 23:00:32.441  INFO 11966 --- [    Test worker] trationDelegate$BeanPostProcessorChecker : Bean 'configurationPropertiesRebinderAutoConfiguration' of type [org.springframework.cloud.autoconfigure.ConfigurationPropertiesRebinderAutoConfiguration$$EnhancerBySpringCGLIB$$90b6edcf] is not eligible for getting processed by all BeanPostProcessors (for example: not eligible for auto-proxying)

  .   ____          _            __ _ _
 /\\ / ___'_ __ _ _(_)_ __  __ _ \ \ \ \
( ( )\___ | '_ | '_| | '_ \/ _` | \ \ \ \
 \\/  ___)| |_)| | | | | || (_| |  ) ) ) )
  '  |____| .__|_| |_|_| |_\__, | / / / /
 =========|_|==============|___/=/_/_/_/
 :: Spring Boot ::        (v1.5.2.RELEASE)

2017-08-23 23:00:32.532  INFO 11966 --- [    Test worker] o.s.boot.SpringApplication               : No active profile set, falling back to default profiles: default
2017-08-23 23:00:32.534  INFO 11966 --- [    Test worker] ationConfigEmbeddedWebApplicationContext : Refreshing org.springframework.boot.context.embedded.AnnotationConfigEmbeddedWebApplicationContext@69d0029d: startup date [Wed Aug 23 23:00:32 CST 2017]; parent: org.springframework.context.annotation.AnnotationConfigApplicationContext@89d4c7b
2017-08-23 23:00:32.697  WARN 11966 --- [    Test worker] o.s.c.a.ConfigurationClassPostProcessor  : Cannot enhance @Configuration bean definition 'refreshScope' since its singleton instance has been created too early. The typical cause is a non-static @Bean method with a BeanDefinitionRegistryPostProcessor return type: Consider declaring such methods as 'static'.
2017-08-23 23:00:32.699  INFO 11966 --- [    Test worker] o.s.cloud.context.scope.GenericScope     : BeanFactory id=0ec97770-bd34-3042-b9ce-2717385c6e76
2017-08-23 23:00:32.709  INFO 11966 --- [    Test worker] f.a.AutowiredAnnotationBeanPostProcessor : JSR-330 'javax.inject.Inject' annotation found and supported for autowiring
2017-08-23 23:00:32.758  INFO 11966 --- [    Test worker] trationDelegate$BeanPostProcessorChecker : Bean 'org.springframework.cloud.autoconfigure.ConfigurationPropertiesRebinderAutoConfiguration' of type [org.springframework.cloud.autoconfigure.ConfigurationPropertiesRebinderAutoConfiguration$$EnhancerBySpringCGLIB$$90b6edcf] is not eligible for getting processed by all BeanPostProcessors (for example: not eligible for auto-proxying)
2017-08-23 23:00:32.823  INFO 11966 --- [    Test worker] s.b.c.e.t.TomcatEmbeddedServletContainer : Tomcat initialized with port(s): 9999 (http)
2017-08-23 23:00:32.824  INFO 11966 --- [    Test worker] o.apache.catalina.core.StandardService   : Starting service Tomcat
2017-08-23 23:00:32.825  INFO 11966 --- [    Test worker] org.apache.catalina.core.StandardEngine  : Starting Servlet Engine: Apache Tomcat/8.5.11
2017-08-23 23:00:32.830  INFO 11966 --- [ost-startStop-1] o.a.c.c.C.[Tomcat-3].[localhost].[/]     : Initializing Spring embedded WebApplicationContext
2017-08-23 23:00:32.831  INFO 11966 --- [ost-startStop-1] o.s.web.context.ContextLoader            : Root WebApplicationContext: initialization completed in 298 ms
2017-08-23 23:00:32.907  INFO 11966 --- [ost-startStop-1] o.s.b.w.servlet.ServletRegistrationBean  : Mapping servlet: 'dispatcherServlet' to [/]
2017-08-23 23:00:32.909  INFO 11966 --- [ost-startStop-1] o.s.b.w.servlet.FilterRegistrationBean   : Mapping filter: 'characterEncodingFilter' to: [/*]
2017-08-23 23:00:32.909  INFO 11966 --- [ost-startStop-1] o.s.b.w.servlet.FilterRegistrationBean   : Mapping filter: 'hiddenHttpMethodFilter' to: [/*]
2017-08-23 23:00:32.909  INFO 11966 --- [ost-startStop-1] o.s.b.w.servlet.FilterRegistrationBean   : Mapping filter: 'httpPutFormContentFilter' to: [/*]
2017-08-23 23:00:32.910  INFO 11966 --- [ost-startStop-1] o.s.b.w.servlet.FilterRegistrationBean   : Mapping filter: 'requestContextFilter' to: [/*]
2017-08-23 23:00:33.076  INFO 11966 --- [    Test worker] s.w.s.m.m.a.RequestMappingHandlerAdapter : Looking for @ControllerAdvice: org.springframework.boot.context.embedded.AnnotationConfigEmbeddedWebApplicationContext@69d0029d: startup date [Wed Aug 23 23:00:32 CST 2017]; parent: org.springframework.context.annotation.AnnotationConfigApplicationContext@89d4c7b
2017-08-23 23:00:33.089  INFO 11966 --- [    Test worker] s.w.s.m.m.a.RequestMappingHandlerMapping : Mapped "{[/hello]}" onto public java.lang.Integer com.tiangaop.consumer.ConsumerApplicationTestCase$TestApplication.greet()
2017-08-23 23:00:33.089  INFO 11966 --- [    Test worker] s.w.s.m.m.a.RequestMappingHandlerMapping : Mapped "{[/]}" onto public java.lang.String com.tiangaop.consumer.ConsumerApplicationTestCase$TestApplication.health()
2017-08-23 23:00:33.091  INFO 11966 --- [    Test worker] s.w.s.m.m.a.RequestMappingHandlerMapping : Mapped "{[/error]}" onto public org.springframework.http.ResponseEntity<java.util.Map<java.lang.String, java.lang.Object>> org.springframework.boot.autoconfigure.web.BasicErrorController.error(javax.servlet.http.HttpServletRequest)
2017-08-23 23:00:33.091  INFO 11966 --- [    Test worker] s.w.s.m.m.a.RequestMappingHandlerMapping : Mapped "{[/error],produces=[text/html]}" onto public org.springframework.web.servlet.ModelAndView org.springframework.boot.autoconfigure.web.BasicErrorController.errorHtml(javax.servlet.http.HttpServletRequest,javax.servlet.http.HttpServletResponse)
2017-08-23 23:00:33.113  INFO 11966 --- [    Test worker] o.s.w.s.handler.SimpleUrlHandlerMapping  : Mapped URL path [/webjars/**] onto handler of type [class org.springframework.web.servlet.resource.ResourceHttpRequestHandler]
2017-08-23 23:00:33.113  INFO 11966 --- [    Test worker] o.s.w.s.handler.SimpleUrlHandlerMapping  : Mapped URL path [/**] onto handler of type [class org.springframework.web.servlet.resource.ResourceHttpRequestHandler]
2017-08-23 23:00:33.143  INFO 11966 --- [    Test worker] o.s.w.s.handler.SimpleUrlHandlerMapping  : Mapped URL path [/**/favicon.ico] onto handler of type [class org.springframework.web.servlet.resource.ResourceHttpRequestHandler]
2017-08-23 23:00:33.252  WARN 11966 --- [    Test worker] o.s.c.n.a.ArchaiusAutoConfiguration      : Netflix ConfigurationManager has already been installed, unable to re-install
2017-08-23 23:00:33.380  INFO 11966 --- [    Test worker] s.b.c.e.t.TomcatEmbeddedServletContainer : Tomcat started on port(s): 9999 (http)
2017-08-23 23:00:33.382  INFO 11966 --- [    Test worker] o.s.boot.SpringApplication               : Started application in 1.029 seconds (JVM running for 8.647)
2017-08-23 23:00:33.493  INFO 11966 --- [o-auto-1-exec-1] o.a.c.c.C.[Tomcat].[localhost].[/]       : Initializing Spring FrameworkServlet 'dispatcherServlet'
2017-08-23 23:00:33.494  INFO 11966 --- [o-auto-1-exec-1] o.s.web.servlet.DispatcherServlet        : FrameworkServlet 'dispatcherServlet': initialization started
2017-08-23 23:00:33.510  INFO 11966 --- [o-auto-1-exec-1] o.s.web.servlet.DispatcherServlet        : FrameworkServlet 'dispatcherServlet': initialization completed in 16 ms
2017-08-23 23:00:33.539  INFO 11966 --- [o-auto-1-exec-1] s.c.a.AnnotationConfigApplicationContext : Refreshing org.springframework.context.annotation.AnnotationConfigApplicationContext@6acb587d: startup date [Wed Aug 23 23:00:33 CST 2017]; parent: org.springframework.boot.context.embedded.AnnotationConfigEmbeddedWebApplicationContext@10352450
2017-08-23 23:00:33.585  INFO 11966 --- [o-auto-1-exec-1] f.a.AutowiredAnnotationBeanPostProcessor : JSR-330 'javax.inject.Inject' annotation found and supported for autowiring
2017-08-23 23:00:33.775  INFO 11966 --- [o-auto-1-exec-1] c.n.u.concurrent.ShutdownEnabledTimer    : Shutdown hook installed for: NFLoadBalancer-PingTimer-service-provider
2017-08-23 23:00:33.813  INFO 11966 --- [o-auto-1-exec-1] c.netflix.loadbalancer.BaseLoadBalancer  : Client:service-provider instantiated a LoadBalancer:DynamicServerListLoadBalancer:{NFLoadBalancer:name=service-provider,current list of Servers=[],Load balancer stats=Zone stats: {},Server stats: []}ServerList:null
2017-08-23 23:00:33.817  INFO 11966 --- [o-auto-1-exec-1] c.n.l.DynamicServerListLoadBalancer      : Using serverListUpdater PollingServerListUpdater
2017-08-23 23:00:33.838  INFO 11966 --- [o-auto-1-exec-1] c.netflix.config.ChainedDynamicProperty  : Flipping property: service-provider.ribbon.ActiveConnectionsLimit to use NEXT property: niws.loadbalancer.availabilityFilteringRule.activeConnectionsLimit = 2147483647
2017-08-23 23:00:33.894  INFO 11966 --- [nio-8090-exec-1] o.a.c.c.C.[Tomcat-1].[localhost].[/]     : Initializing Spring FrameworkServlet 'dispatcherServlet'
2017-08-23 23:00:33.894  INFO 11966 --- [nio-8090-exec-1] o.s.web.servlet.DispatcherServlet        : FrameworkServlet 'dispatcherServlet': initialization started
2017-08-23 23:00:33.899  INFO 11966 --- [nio-8090-exec-1] o.s.web.servlet.DispatcherServlet        : FrameworkServlet 'dispatcherServlet': initialization completed in 5 ms
2017-08-23 23:00:33.934  INFO 11966 --- [nio-9092-exec-1] o.a.c.c.C.[Tomcat-2].[localhost].[/]     : Initializing Spring FrameworkServlet 'dispatcherServlet'
2017-08-23 23:00:33.935  INFO 11966 --- [nio-9092-exec-1] o.s.web.servlet.DispatcherServlet        : FrameworkServlet 'dispatcherServlet': initialization started
2017-08-23 23:00:33.936  INFO 11966 --- [nio-9092-exec-1] o.s.web.servlet.DispatcherServlet        : FrameworkServlet 'dispatcherServlet': initialization completed in 1 ms
2017-08-23 23:00:33.945  INFO 11966 --- [nio-9999-exec-1] o.a.c.c.C.[Tomcat-3].[localhost].[/]     : Initializing Spring FrameworkServlet 'dispatcherServlet'
2017-08-23 23:00:33.945  INFO 11966 --- [nio-9999-exec-1] o.s.web.servlet.DispatcherServlet        : FrameworkServlet 'dispatcherServlet': initialization started
2017-08-23 23:00:33.947  INFO 11966 --- [nio-9999-exec-1] o.s.web.servlet.DispatcherServlet        : FrameworkServlet 'dispatcherServlet': initialization completed in 1 ms
2017-08-23 23:00:33.950  INFO 11966 --- [o-auto-1-exec-1] c.n.l.DynamicServerListLoadBalancer      : DynamicServerListLoadBalancer for client service-provider initialized: DynamicServerListLoadBalancer:{NFLoadBalancer:name=service-provider,current list of Servers=[localhost:8090, localhost:9092, localhost:9999],Load balancer stats=Zone stats: {unknown=[Zone:unknown;	Instance count:3;	Active connections count: 0;	Circuit breaker tripped count: 0;	Active connections per server: 0.0;]
},Server stats: [[Server:localhost:8090;	Zone:UNKNOWN;	Total Requests:0;	Successive connection failure:0;	Total blackout seconds:0;	Last connection made:Thu Jan 01 08:00:00 CST 1970;	First connection made: Thu Jan 01 08:00:00 CST 1970;	Active Connections:0;	total failure count in last (1000) msecs:0;	average resp time:0.0;	90 percentile resp time:0.0;	95 percentile resp time:0.0;	min resp time:0.0;	max resp time:0.0;	stddev resp time:0.0]
, [Server:localhost:9092;	Zone:UNKNOWN;	Total Requests:0;	Successive connection failure:0;	Total blackout seconds:0;	Last connection made:Thu Jan 01 08:00:00 CST 1970;	First connection made: Thu Jan 01 08:00:00 CST 1970;	Active Connections:0;	total failure count in last (1000) msecs:0;	average resp time:0.0;	90 percentile resp time:0.0;	95 percentile resp time:0.0;	min resp time:0.0;	max resp time:0.0;	stddev resp time:0.0]
, [Server:localhost:9999;	Zone:UNKNOWN;	Total Requests:0;	Successive connection failure:0;	Total blackout seconds:0;	Last connection made:Thu Jan 01 08:00:00 CST 1970;	First connection made: Thu Jan 01 08:00:00 CST 1970;	Active Connections:0;	total failure count in last (1000) msecs:0;	average resp time:0.0;	90 percentile resp time:0.0;	95 percentile resp time:0.0;	min resp time:0.0;	max resp time:0.0;	stddev resp time:0.0]
]}ServerList:com.netflix.loadbalancer.ConfigurationBasedServerList@34efb985
2017-08-23 23:00:34.122  INFO 11966 --- [    Test worker] ationConfigEmbeddedWebApplicationContext : Closing org.springframework.boot.context.embedded.AnnotationConfigEmbeddedWebApplicationContext@4af9484e: startup date [Wed Aug 23 23:00:30 CST 2017]; parent: org.springframework.context.annotation.AnnotationConfigApplicationContext@78df3ff9
2017-08-23 23:00:34.184  INFO 11966 --- [    Test worker] o.apache.catalina.core.StandardService   : Stopping service Tomcat
2017-08-23 23:00:34.186  INFO 11966 --- [ost-startStop-1] o.a.c.c.C.[Tomcat-1].[localhost].[/]     : Destroying Spring FrameworkServlet 'dispatcherServlet'
2017-08-23 23:00:34.197  INFO 11966 --- [    Test worker] ationConfigEmbeddedWebApplicationContext : Closing org.springframework.boot.context.embedded.AnnotationConfigEmbeddedWebApplicationContext@dc2465b: startup date [Wed Aug 23 23:00:31 CST 2017]; parent: org.springframework.context.annotation.AnnotationConfigApplicationContext@44d5fc9a
2017-08-23 23:00:34.256  INFO 11966 --- [    Test worker] o.apache.catalina.core.StandardService   : Stopping service Tomcat
2017-08-23 23:00:34.258  INFO 11966 --- [ost-startStop-1] o.a.c.c.C.[Tomcat-2].[localhost].[/]     : Destroying Spring FrameworkServlet 'dispatcherServlet'
2017-08-23 23:00:34.264  INFO 11966 --- [    Test worker] ationConfigEmbeddedWebApplicationContext : Closing org.springframework.boot.context.embedded.AnnotationConfigEmbeddedWebApplicationContext@69d0029d: startup date [Wed Aug 23 23:00:32 CST 2017]; parent: org.springframework.context.annotation.AnnotationConfigApplicationContext@89d4c7b
2017-08-23 23:00:34.317  INFO 11966 --- [    Test worker] o.apache.catalina.core.StandardService   : Stopping service Tomcat
2017-08-23 23:00:34.318  INFO 11966 --- [ost-startStop-1] o.a.c.c.C.[Tomcat-3].[localhost].[/]     : Destroying Spring FrameworkServlet 'dispatcherServlet'
]]></system-out>
  <system-err><![CDATA[]]></system-err>
</testsuite>
